10-4-2025 13:53:46 - log: Load engine in /Applications/Cocos/Creator/3.8.7/CocosCreator.app/Contents/Resources/resources/3d/engine
10-4-2025 13:53:46 - log: Register native engine in /Applications/Cocos/Creator/3.8.7/CocosCreator.app/Contents/Resources/resources/3d/engine/native
10-4-2025 13:53:47 - log: Request namespace: device-list
10-4-2025 13:53:59 - log: [Scene] meshopt wasm decoder initialized
10-4-2025 13:53:59 - log: [Scene] [bullet]:bullet wasm lib loaded.
10-4-2025 13:53:59 - log: [Scene] [box2d]:box2d wasm lib loaded.
10-4-2025 13:53:59 - log: [Scene] [PHYSICS]: using builtin.
10-4-2025 13:53:59 - log: [Scene] Cocos Creator v3.8.7
10-4-2025 13:54:00 - log: [Scene] Using custom pipeline: Builtin
10-4-2025 13:54:00 - log: [Scene] [PHYSICS]: switch from builtin to bullet.
10-4-2025 13:54:00 - log: [Scene] [PHYSICS2D]: switch from builtin to box2d.
10-4-2025 13:54:37 - warn: [Scene] Missing class: CameraFollowError: [Scene] Missing class: CameraFollow
    at console.warn (/Applications/Cocos/Creator/3.8.7/CocosCreator.app/Contents/Resources/app.asar/node_modules/@sentry/core/src/utils-hoist/instrument/console.ts:40:14)
    at Object.classFinder (/Applications/Cocos/Creator/3.8.7/CocosCreator.app/Contents/Resources/app.asar/builtin/engine/dist/editor-extends/missing-reporter/missing-class-reporter.ccc:7:982)
    at _Deserializer.classFinder [as _classFinder] (/Applications/Cocos/Creator/3.8.7/CocosCreator.app/Contents/Resources/resources/3d/engine/bin/.cache/dev/editor/bundled/index.js:118488:34)
    at _Deserializer._deserializeTypeTaggedObject (/Applications/Cocos/Creator/3.8.7/CocosCreator.app/Contents/Resources/resources/3d/engine/bin/.cache/dev/editor/bundled/index.js:76908:30)
    at _Deserializer._deserializeObject (/Applications/Cocos/Creator/3.8.7/CocosCreator.app/Contents/Resources/resources/3d/engine/bin/.cache/dev/editor/bundled/index.js:76862:29)
    at _Deserializer._deserializeAndAssignField (/Applications/Cocos/Creator/3.8.7/CocosCreator.app/Contents/Resources/resources/3d/engine/bin/.cache/dev/editor/bundled/index.js:77029:38)
    at _Deserializer._deserializeArray (/Applications/Cocos/Creator/3.8.7/CocosCreator.app/Contents/Resources/resources/3d/engine/bin/.cache/dev/editor/bundled/index.js:76890:40)
    at _Deserializer._deserializeObject (/Applications/Cocos/Creator/3.8.7/CocosCreator.app/Contents/Resources/resources/3d/engine/bin/.cache/dev/editor/bundled/index.js:76868:29)
    at _Deserializer._deserializeAndAssignField (/Applications/Cocos/Creator/3.8.7/CocosCreator.app/Contents/Resources/resources/3d/engine/bin/.cache/dev/editor/bundled/index.js:77041:36)
    at eval (/Applications/Cocos/Creator/3.8.7/CocosCreator.app/Contents/Resources/resources/3d/engine/bin/.cache/dev/editor/bundled/index.js:76630:15)
    at _Deserializer._deserializeFireClass (/Applications/Cocos/Creator/3.8.7/CocosCreator.app/Contents/Resources/resources/3d/engine/bin/.cache/dev/editor/bundled/index.js:77012:11)
    at _Deserializer._deserializeInto (/Applications/Cocos/Creator/3.8.7/CocosCreator.app/Contents/Resources/resources/3d/engine/bin/.cache/dev/editor/bundled/index.js:76954:18)
    at _Deserializer._deserializeTypeTaggedObject (/Applications/Cocos/Creator/3.8.7/CocosCreator.app/Contents/Resources/resources/3d/engine/bin/.cache/dev/editor/bundled/index.js:76926:18)
    at _Deserializer._deserializeObject (/Applications/Cocos/Creator/3.8.7/CocosCreator.app/Contents/Resources/resources/3d/engine/bin/.cache/dev/editor/bundled/index.js:76862:29)
    at _Deserializer._deserializeAndAssignField (/Applications/Cocos/Creator/3.8.7/CocosCreator.app/Contents/Resources/resources/3d/engine/bin/.cache/dev/editor/bundled/index.js:77029:38)
    at _Deserializer._deserializeArray (/Applications/Cocos/Creator/3.8.7/CocosCreator.app/Contents/Resources/resources/3d/engine/bin/.cache/dev/editor/bundled/index.js:76890:40)
    at _Deserializer._deserializeObject (/Applications/Cocos/Creator/3.8.7/CocosCreator.app/Contents/Resources/resources/3d/engine/bin/.cache/dev/editor/bundled/index.js:76868:29)
    at _Deserializer._deserializeAndAssignField (/Applications/Cocos/Creator/3.8.7/CocosCreator.app/Contents/Resources/resources/3d/engine/bin/.cache/dev/editor/bundled/index.js:77041:36)
    at eval (/Applications/Cocos/Creator/3.8.7/CocosCreator.app/Contents/Resources/resources/3d/engine/bin/.cache/dev/editor/bundled/index.js:76630:15)
    at _Deserializer._deserializeFireClass (/Applications/Cocos/Creator/3.8.7/CocosCreator.app/Contents/Resources/resources/3d/engine/bin/.cache/dev/editor/bundled/index.js:77012:11)
    at _Deserializer._deserializeInto (/Applications/Cocos/Creator/3.8.7/CocosCreator.app/Contents/Resources/resources/3d/engine/bin/.cache/dev/editor/bundled/index.js:76954:18)
    at _Deserializer._deserializeTypeTaggedObject (/Applications/Cocos/Creator/3.8.7/CocosCreator.app/Contents/Resources/resources/3d/engine/bin/.cache/dev/editor/bundled/index.js:76926:18)
    at _Deserializer._deserializeObject (/Applications/Cocos/Creator/3.8.7/CocosCreator.app/Contents/Resources/resources/3d/engine/bin/.cache/dev/editor/bundled/index.js:76862:29)
    at _Deserializer._deserializeAndAssignField (/Applications/Cocos/Creator/3.8.7/CocosCreator.app/Contents/Resources/resources/3d/engine/bin/.cache/dev/editor/bundled/index.js:77029:38)
    at eval (/Applications/Cocos/Creator/3.8.7/CocosCreator.app/Contents/Resources/resources/3d/engine/bin/.cache/dev/editor/bundled/index.js:76630:15)
    at _Deserializer._deserializeFireClass (/Applications/Cocos/Creator/3.8.7/CocosCreator.app/Contents/Resources/resources/3d/engine/bin/.cache/dev/editor/bundled/index.js:77012:11)
    at _Deserializer._deserializeInto (/Applications/Cocos/Creator/3.8.7/CocosCreator.app/Contents/Resources/resources/3d/engine/bin/.cache/dev/editor/bundled/index.js:76954:18)
    at _Deserializer._deserializeTypeTaggedObject (/Applications/Cocos/Creator/3.8.7/CocosCreator.app/Contents/Resources/resources/3d/engine/bin/.cache/dev/editor/bundled/index.js:76926:18)
    at _Deserializer._deserializeObject (/Applications/Cocos/Creator/3.8.7/CocosCreator.app/Contents/Resources/resources/3d/engine/bin/.cache/dev/editor/bundled/index.js:76862:29)
    at _Deserializer.deserialize (/Applications/Cocos/Creator/3.8.7/CocosCreator.app/Contents/Resources/resources/3d/engine/bin/.cache/dev/editor/bundled/index.js:76834:42)
    at deserializeDynamic (/Applications/Cocos/Creator/3.8.7/CocosCreator.app/Contents/Resources/resources/3d/engine/bin/.cache/dev/editor/bundled/index.js:76684:30)
    at deserialize (/Applications/Cocos/Creator/3.8.7/CocosCreator.app/Contents/Resources/resources/3d/engine/bin/.cache/dev/editor/bundled/index.js:77500:13)
    at deserializeAsset (/Applications/Cocos/Creator/3.8.7/CocosCreator.app/Contents/Resources/resources/3d/engine/bin/.cache/dev/editor/bundled/index.js:118501:15)
    at parseImport (/Applications/Cocos/Creator/3.8.7/CocosCreator.app/Contents/Resources/resources/3d/engine/bin/.cache/dev/editor/bundled/index.js:119967:22)
    at Parser.parse (/Applications/Cocos/Creator/3.8.7/CocosCreator.app/Contents/Resources/resources/3d/engine/bin/.cache/dev/editor/bundled/index.js:120050:11)
    at parse (/Applications/Cocos/Creator/3.8.7/CocosCreator.app/Contents/Resources/resources/3d/engine/bin/.cache/dev/editor/bundled/index.js:119543:20)
    at Pipeline._flow (/Applications/Cocos/Creator/3.8.7/CocosCreator.app/Contents/Resources/resources/3d/engine/bin/.cache/dev/editor/bundled/index.js:121458:11)
    at eval (/Applications/Cocos/Creator/3.8.7/CocosCreator.app/Contents/Resources/resources/3d/engine/bin/.cache/dev/editor/bundled/index.js:121468:22)
    at Array.eval (/Applications/Cocos/Creator/3.8.7/CocosCreator.app/Contents/Resources/resources/3d/engine/bin/.cache/dev/editor/bundled/index.js:119483:11)
    at finale (/Applications/Cocos/Creator/3.8.7/CocosCreator.app/Contents/Resources/resources/3d/engine/bin/.cache/dev/editor/bundled/index.js:120713:27)
    at eval (/Applications/Cocos/Creator/3.8.7/CocosCreator.app/Contents/Resources/resources/3d/engine/bin/.cache/dev/editor/bundled/index.js:122045:11)
    at XMLHttpRequest.xhr.onload (/Applications/Cocos/Creator/3.8.7/CocosCreator.app/Contents/Resources/resources/3d/engine/bin/.cache/dev/editor/bundled/index.js:118340:11)
    at XMLHttpRequest.sentryWrapped (/Applications/Cocos/Creator/3.8.7/CocosCreator.app/Contents/Resources/app.asar/node_modules/@sentry/browser/src/helpers.ts:116:17)
10-4-2025 13:54:37 - warn: [Scene] Missing class: PlayerControllerError: [Scene] Missing class: PlayerController
    at console.warn (/Applications/Cocos/Creator/3.8.7/CocosCreator.app/Contents/Resources/app.asar/node_modules/@sentry/core/src/utils-hoist/instrument/console.ts:40:14)
    at Object.classFinder (/Applications/Cocos/Creator/3.8.7/CocosCreator.app/Contents/Resources/app.asar/builtin/engine/dist/editor-extends/missing-reporter/missing-class-reporter.ccc:7:982)
    at _Deserializer.classFinder [as _classFinder] (/Applications/Cocos/Creator/3.8.7/CocosCreator.app/Contents/Resources/resources/3d/engine/bin/.cache/dev/editor/bundled/index.js:118488:34)
    at _Deserializer._deserializeTypeTaggedObject (/Applications/Cocos/Creator/3.8.7/CocosCreator.app/Contents/Resources/resources/3d/engine/bin/.cache/dev/editor/bundled/index.js:76908:30)
    at _Deserializer._deserializeObject (/Applications/Cocos/Creator/3.8.7/CocosCreator.app/Contents/Resources/resources/3d/engine/bin/.cache/dev/editor/bundled/index.js:76862:29)
    at _Deserializer._deserializeAndAssignField (/Applications/Cocos/Creator/3.8.7/CocosCreator.app/Contents/Resources/resources/3d/engine/bin/.cache/dev/editor/bundled/index.js:77029:38)
    at _Deserializer._deserializeArray (/Applications/Cocos/Creator/3.8.7/CocosCreator.app/Contents/Resources/resources/3d/engine/bin/.cache/dev/editor/bundled/index.js:76890:40)
    at _Deserializer._deserializeObject (/Applications/Cocos/Creator/3.8.7/CocosCreator.app/Contents/Resources/resources/3d/engine/bin/.cache/dev/editor/bundled/index.js:76868:29)
    at _Deserializer._deserializeAndAssignField (/Applications/Cocos/Creator/3.8.7/CocosCreator.app/Contents/Resources/resources/3d/engine/bin/.cache/dev/editor/bundled/index.js:77041:36)
    at eval (/Applications/Cocos/Creator/3.8.7/CocosCreator.app/Contents/Resources/resources/3d/engine/bin/.cache/dev/editor/bundled/index.js:76630:15)
    at _Deserializer._deserializeFireClass (/Applications/Cocos/Creator/3.8.7/CocosCreator.app/Contents/Resources/resources/3d/engine/bin/.cache/dev/editor/bundled/index.js:77012:11)
    at _Deserializer._deserializeInto (/Applications/Cocos/Creator/3.8.7/CocosCreator.app/Contents/Resources/resources/3d/engine/bin/.cache/dev/editor/bundled/index.js:76954:18)
    at _Deserializer._deserializeTypeTaggedObject (/Applications/Cocos/Creator/3.8.7/CocosCreator.app/Contents/Resources/resources/3d/engine/bin/.cache/dev/editor/bundled/index.js:76926:18)
    at _Deserializer._deserializeObject (/Applications/Cocos/Creator/3.8.7/CocosCreator.app/Contents/Resources/resources/3d/engine/bin/.cache/dev/editor/bundled/index.js:76862:29)
    at _Deserializer._deserializeAndAssignField (/Applications/Cocos/Creator/3.8.7/CocosCreator.app/Contents/Resources/resources/3d/engine/bin/.cache/dev/editor/bundled/index.js:77029:38)
    at _Deserializer._fillPlainObject (/Applications/Cocos/Creator/3.8.7/CocosCreator.app/Contents/Resources/resources/3d/engine/bin/.cache/dev/editor/bundled/index.js:77086:40)
    at eval (/Applications/Cocos/Creator/3.8.7/CocosCreator.app/Contents/Resources/resources/3d/engine/bin/.cache/dev/editor/bundled/index.js:76643:11)
    at deserialize (/Applications/Cocos/Creator/3.8.7/CocosCreator.app/Contents/Resources/resources/3d/engine/bin/.cache/dev/editor/bundled/index.js:77001:19)
    at _Deserializer._deserializeFireClass (/Applications/Cocos/Creator/3.8.7/CocosCreator.app/Contents/Resources/resources/3d/engine/bin/.cache/dev/editor/bundled/index.js:77012:11)
    at _Deserializer._deserializeInto (/Applications/Cocos/Creator/3.8.7/CocosCreator.app/Contents/Resources/resources/3d/engine/bin/.cache/dev/editor/bundled/index.js:76954:18)
    at _Deserializer._deserializeTypeTaggedObject (/Applications/Cocos/Creator/3.8.7/CocosCreator.app/Contents/Resources/resources/3d/engine/bin/.cache/dev/editor/bundled/index.js:76931:20)
    at _Deserializer._deserializeObject (/Applications/Cocos/Creator/3.8.7/CocosCreator.app/Contents/Resources/resources/3d/engine/bin/.cache/dev/editor/bundled/index.js:76862:29)
    at _Deserializer._deserializeAndAssignField (/Applications/Cocos/Creator/3.8.7/CocosCreator.app/Contents/Resources/resources/3d/engine/bin/.cache/dev/editor/bundled/index.js:77029:38)
    at _Deserializer._deserializeArray (/Applications/Cocos/Creator/3.8.7/CocosCreator.app/Contents/Resources/resources/3d/engine/bin/.cache/dev/editor/bundled/index.js:76890:40)
    at _Deserializer._deserializeObject (/Applications/Cocos/Creator/3.8.7/CocosCreator.app/Contents/Resources/resources/3d/engine/bin/.cache/dev/editor/bundled/index.js:76868:29)
    at _Deserializer._deserializeAndAssignField (/Applications/Cocos/Creator/3.8.7/CocosCreator.app/Contents/Resources/resources/3d/engine/bin/.cache/dev/editor/bundled/index.js:77041:36)
    at eval (/Applications/Cocos/Creator/3.8.7/CocosCreator.app/Contents/Resources/resources/3d/engine/bin/.cache/dev/editor/bundled/index.js:76630:15)
    at _Deserializer._deserializeFireClass (/Applications/Cocos/Creator/3.8.7/CocosCreator.app/Contents/Resources/resources/3d/engine/bin/.cache/dev/editor/bundled/index.js:77012:11)
    at _Deserializer._deserializeInto (/Applications/Cocos/Creator/3.8.7/CocosCreator.app/Contents/Resources/resources/3d/engine/bin/.cache/dev/editor/bundled/index.js:76954:18)
    at _Deserializer._deserializeTypeTaggedObject (/Applications/Cocos/Creator/3.8.7/CocosCreator.app/Contents/Resources/resources/3d/engine/bin/.cache/dev/editor/bundled/index.js:76926:18)
    at _Deserializer._deserializeObject (/Applications/Cocos/Creator/3.8.7/CocosCreator.app/Contents/Resources/resources/3d/engine/bin/.cache/dev/editor/bundled/index.js:76862:29)
    at _Deserializer._deserializeAndAssignField (/Applications/Cocos/Creator/3.8.7/CocosCreator.app/Contents/Resources/resources/3d/engine/bin/.cache/dev/editor/bundled/index.js:77029:38)
    at _Deserializer._deserializeArray (/Applications/Cocos/Creator/3.8.7/CocosCreator.app/Contents/Resources/resources/3d/engine/bin/.cache/dev/editor/bundled/index.js:76890:40)
    at _Deserializer._deserializeObject (/Applications/Cocos/Creator/3.8.7/CocosCreator.app/Contents/Resources/resources/3d/engine/bin/.cache/dev/editor/bundled/index.js:76868:29)
    at _Deserializer._deserializeAndAssignField (/Applications/Cocos/Creator/3.8.7/CocosCreator.app/Contents/Resources/resources/3d/engine/bin/.cache/dev/editor/bundled/index.js:77041:36)
    at eval (/Applications/Cocos/Creator/3.8.7/CocosCreator.app/Contents/Resources/resources/3d/engine/bin/.cache/dev/editor/bundled/index.js:76630:15)
    at _Deserializer._deserializeFireClass (/Applications/Cocos/Creator/3.8.7/CocosCreator.app/Contents/Resources/resources/3d/engine/bin/.cache/dev/editor/bundled/index.js:77012:11)
    at _Deserializer._deserializeInto (/Applications/Cocos/Creator/3.8.7/CocosCreator.app/Contents/Resources/resources/3d/engine/bin/.cache/dev/editor/bundled/index.js:76954:18)
    at _Deserializer._deserializeTypeTaggedObject (/Applications/Cocos/Creator/3.8.7/CocosCreator.app/Contents/Resources/resources/3d/engine/bin/.cache/dev/editor/bundled/index.js:76926:18)
    at _Deserializer._deserializeObject (/Applications/Cocos/Creator/3.8.7/CocosCreator.app/Contents/Resources/resources/3d/engine/bin/.cache/dev/editor/bundled/index.js:76862:29)
    at _Deserializer._deserializeAndAssignField (/Applications/Cocos/Creator/3.8.7/CocosCreator.app/Contents/Resources/resources/3d/engine/bin/.cache/dev/editor/bundled/index.js:77029:38)
    at eval (/Applications/Cocos/Creator/3.8.7/CocosCreator.app/Contents/Resources/resources/3d/engine/bin/.cache/dev/editor/bundled/index.js:76630:15)
    at _Deserializer._deserializeFireClass (/Applications/Cocos/Creator/3.8.7/CocosCreator.app/Contents/Resources/resources/3d/engine/bin/.cache/dev/editor/bundled/index.js:77012:11)
    at _Deserializer._deserializeInto (/Applications/Cocos/Creator/3.8.7/CocosCreator.app/Contents/Resources/resources/3d/engine/bin/.cache/dev/editor/bundled/index.js:76954:18)
    at _Deserializer._deserializeTypeTaggedObject (/Applications/Cocos/Creator/3.8.7/CocosCreator.app/Contents/Resources/resources/3d/engine/bin/.cache/dev/editor/bundled/index.js:76926:18)
    at _Deserializer._deserializeObject (/Applications/Cocos/Creator/3.8.7/CocosCreator.app/Contents/Resources/resources/3d/engine/bin/.cache/dev/editor/bundled/index.js:76862:29)
    at _Deserializer.deserialize (/Applications/Cocos/Creator/3.8.7/CocosCreator.app/Contents/Resources/resources/3d/engine/bin/.cache/dev/editor/bundled/index.js:76834:42)
10-4-2025 13:54:37 - warn: [Scene] Missing class: JoystickError: [Scene] Missing class: Joystick
    at console.warn (/Applications/Cocos/Creator/3.8.7/CocosCreator.app/Contents/Resources/app.asar/node_modules/@sentry/core/src/utils-hoist/instrument/console.ts:40:14)
    at Object.classFinder (/Applications/Cocos/Creator/3.8.7/CocosCreator.app/Contents/Resources/app.asar/builtin/engine/dist/editor-extends/missing-reporter/missing-class-reporter.ccc:7:982)
    at _Deserializer.classFinder [as _classFinder] (/Applications/Cocos/Creator/3.8.7/CocosCreator.app/Contents/Resources/resources/3d/engine/bin/.cache/dev/editor/bundled/index.js:118488:34)
    at _Deserializer._deserializeTypeTaggedObject (/Applications/Cocos/Creator/3.8.7/CocosCreator.app/Contents/Resources/resources/3d/engine/bin/.cache/dev/editor/bundled/index.js:76908:30)
    at _Deserializer._deserializeObject (/Applications/Cocos/Creator/3.8.7/CocosCreator.app/Contents/Resources/resources/3d/engine/bin/.cache/dev/editor/bundled/index.js:76862:29)
    at _Deserializer._deserializeAndAssignField (/Applications/Cocos/Creator/3.8.7/CocosCreator.app/Contents/Resources/resources/3d/engine/bin/.cache/dev/editor/bundled/index.js:77029:38)
    at _Deserializer._deserializeArray (/Applications/Cocos/Creator/3.8.7/CocosCreator.app/Contents/Resources/resources/3d/engine/bin/.cache/dev/editor/bundled/index.js:76890:40)
    at _Deserializer._deserializeObject (/Applications/Cocos/Creator/3.8.7/CocosCreator.app/Contents/Resources/resources/3d/engine/bin/.cache/dev/editor/bundled/index.js:76868:29)
    at _Deserializer._deserializeAndAssignField (/Applications/Cocos/Creator/3.8.7/CocosCreator.app/Contents/Resources/resources/3d/engine/bin/.cache/dev/editor/bundled/index.js:77041:36)
    at eval (/Applications/Cocos/Creator/3.8.7/CocosCreator.app/Contents/Resources/resources/3d/engine/bin/.cache/dev/editor/bundled/index.js:76630:15)
    at _Deserializer._deserializeFireClass (/Applications/Cocos/Creator/3.8.7/CocosCreator.app/Contents/Resources/resources/3d/engine/bin/.cache/dev/editor/bundled/index.js:77012:11)
    at _Deserializer._deserializeInto (/Applications/Cocos/Creator/3.8.7/CocosCreator.app/Contents/Resources/resources/3d/engine/bin/.cache/dev/editor/bundled/index.js:76954:18)
    at _Deserializer._deserializeTypeTaggedObject (/Applications/Cocos/Creator/3.8.7/CocosCreator.app/Contents/Resources/resources/3d/engine/bin/.cache/dev/editor/bundled/index.js:76926:18)
    at _Deserializer._deserializeObject (/Applications/Cocos/Creator/3.8.7/CocosCreator.app/Contents/Resources/resources/3d/engine/bin/.cache/dev/editor/bundled/index.js:76862:29)
    at _Deserializer._deserializeAndAssignField (/Applications/Cocos/Creator/3.8.7/CocosCreator.app/Contents/Resources/resources/3d/engine/bin/.cache/dev/editor/bundled/index.js:77029:38)
    at eval (/Applications/Cocos/Creator/3.8.7/CocosCreator.app/Contents/Resources/resources/3d/engine/bin/.cache/dev/editor/bundled/index.js:76630:15)
    at _Deserializer._deserializeFireClass (/Applications/Cocos/Creator/3.8.7/CocosCreator.app/Contents/Resources/resources/3d/engine/bin/.cache/dev/editor/bundled/index.js:77012:11)
    at _Deserializer._deserializeInto (/Applications/Cocos/Creator/3.8.7/CocosCreator.app/Contents/Resources/resources/3d/engine/bin/.cache/dev/editor/bundled/index.js:76954:18)
    at _Deserializer._deserializeTypeTaggedObject (/Applications/Cocos/Creator/3.8.7/CocosCreator.app/Contents/Resources/resources/3d/engine/bin/.cache/dev/editor/bundled/index.js:76926:18)
    at _Deserializer._deserializeObject (/Applications/Cocos/Creator/3.8.7/CocosCreator.app/Contents/Resources/resources/3d/engine/bin/.cache/dev/editor/bundled/index.js:76862:29)
    at _Deserializer._deserializeAndAssignField (/Applications/Cocos/Creator/3.8.7/CocosCreator.app/Contents/Resources/resources/3d/engine/bin/.cache/dev/editor/bundled/index.js:77029:38)
    at eval (/Applications/Cocos/Creator/3.8.7/CocosCreator.app/Contents/Resources/resources/3d/engine/bin/.cache/dev/editor/bundled/index.js:76630:15)
    at _Deserializer._deserializeFireClass (/Applications/Cocos/Creator/3.8.7/CocosCreator.app/Contents/Resources/resources/3d/engine/bin/.cache/dev/editor/bundled/index.js:77012:11)
    at _Deserializer._deserializeInto (/Applications/Cocos/Creator/3.8.7/CocosCreator.app/Contents/Resources/resources/3d/engine/bin/.cache/dev/editor/bundled/index.js:76954:18)
    at _Deserializer._deserializeTypeTaggedObject (/Applications/Cocos/Creator/3.8.7/CocosCreator.app/Contents/Resources/resources/3d/engine/bin/.cache/dev/editor/bundled/index.js:76926:18)
    at _Deserializer._deserializeObject (/Applications/Cocos/Creator/3.8.7/CocosCreator.app/Contents/Resources/resources/3d/engine/bin/.cache/dev/editor/bundled/index.js:76862:29)
    at _Deserializer.deserialize (/Applications/Cocos/Creator/3.8.7/CocosCreator.app/Contents/Resources/resources/3d/engine/bin/.cache/dev/editor/bundled/index.js:76834:42)
    at deserializeDynamic (/Applications/Cocos/Creator/3.8.7/CocosCreator.app/Contents/Resources/resources/3d/engine/bin/.cache/dev/editor/bundled/index.js:76684:30)
    at deserialize (/Applications/Cocos/Creator/3.8.7/CocosCreator.app/Contents/Resources/resources/3d/engine/bin/.cache/dev/editor/bundled/index.js:77500:13)
    at deserializeAsset (/Applications/Cocos/Creator/3.8.7/CocosCreator.app/Contents/Resources/resources/3d/engine/bin/.cache/dev/editor/bundled/index.js:118501:15)
    at parseImport (/Applications/Cocos/Creator/3.8.7/CocosCreator.app/Contents/Resources/resources/3d/engine/bin/.cache/dev/editor/bundled/index.js:119967:22)
    at Parser.parse (/Applications/Cocos/Creator/3.8.7/CocosCreator.app/Contents/Resources/resources/3d/engine/bin/.cache/dev/editor/bundled/index.js:120050:11)
    at parse (/Applications/Cocos/Creator/3.8.7/CocosCreator.app/Contents/Resources/resources/3d/engine/bin/.cache/dev/editor/bundled/index.js:119543:20)
    at Pipeline._flow (/Applications/Cocos/Creator/3.8.7/CocosCreator.app/Contents/Resources/resources/3d/engine/bin/.cache/dev/editor/bundled/index.js:121458:11)
    at eval (/Applications/Cocos/Creator/3.8.7/CocosCreator.app/Contents/Resources/resources/3d/engine/bin/.cache/dev/editor/bundled/index.js:121468:22)
    at Array.eval (/Applications/Cocos/Creator/3.8.7/CocosCreator.app/Contents/Resources/resources/3d/engine/bin/.cache/dev/editor/bundled/index.js:119483:11)
    at finale (/Applications/Cocos/Creator/3.8.7/CocosCreator.app/Contents/Resources/resources/3d/engine/bin/.cache/dev/editor/bundled/index.js:120713:27)
    at eval (/Applications/Cocos/Creator/3.8.7/CocosCreator.app/Contents/Resources/resources/3d/engine/bin/.cache/dev/editor/bundled/index.js:122045:11)
    at XMLHttpRequest.xhr.onload (/Applications/Cocos/Creator/3.8.7/CocosCreator.app/Contents/Resources/resources/3d/engine/bin/.cache/dev/editor/bundled/index.js:118340:11)
    at XMLHttpRequest.sentryWrapped (/Applications/Cocos/Creator/3.8.7/CocosCreator.app/Contents/Resources/app.asar/node_modules/@sentry/browser/src/helpers.ts:116:17)
10-4-2025 13:54:37 - error: [Scene] Script "CameraFollow" attached to "Main Camera" is missing or invalid. Detailed information:
Node path: "Main Camera"
Error: [Scene] Script "CameraFollow" attached to "Main Camera" is missing or invalid. Detailed information:
Node path: "Main Camera"

    at console.error (/Applications/Cocos/Creator/3.8.7/CocosCreator.app/Contents/Resources/app.asar/node_modules/@sentry/core/src/utils-hoist/instrument/console.ts:40:14)
    at report (/Applications/Cocos/Creator/3.8.7/CocosCreator.app/Contents/Resources/app.asar/builtin/engine/dist/editor-extends/missing-reporter/missing-class-reporter.ccc:7:25)
    at reportByWalker (/Applications/Cocos/Creator/3.8.7/CocosCreator.app/Contents/Resources/app.asar/builtin/engine/dist/editor-extends/missing-reporter/missing-class-reporter.ccc:7:133)
    at /Applications/Cocos/Creator/3.8.7/CocosCreator.app/Contents/Resources/app.asar/builtin/engine/dist/editor-extends/missing-reporter/missing-class-reporter.ccc:7:746
    at ObjectWalkerBehavior.walk (/Applications/Cocos/Creator/3.8.7/CocosCreator.app/Contents/Resources/app.asar/builtin/engine/dist/editor-extends/missing-reporter/object-walker.ccc:1:2379)
    at ObjectWalkerBehavior.forEach (/Applications/Cocos/Creator/3.8.7/CocosCreator.app/Contents/Resources/app.asar/builtin/engine/dist/editor-extends/missing-reporter/object-walker.ccc:1:831)
    at ObjectWalkerBehavior.parseObject (/Applications/Cocos/Creator/3.8.7/CocosCreator.app/Contents/Resources/app.asar/builtin/engine/dist/editor-extends/missing-reporter/object-walker.ccc:1:339)
    at doWalkProperties (/Applications/Cocos/Creator/3.8.7/CocosCreator.app/Contents/Resources/app.asar/builtin/engine/dist/editor-extends/missing-reporter/object-walker.ccc:1:2173)
    at ObjectWalker.iteratee (/Applications/Cocos/Creator/3.8.7/CocosCreator.app/Contents/Resources/app.asar/builtin/engine/dist/editor-extends/missing-reporter/object-walker.ccc:1:2316)
    at ObjectWalker.walk (/Applications/Cocos/Creator/3.8.7/CocosCreator.app/Contents/Resources/app.asar/builtin/engine/dist/editor-extends/missing-reporter/object-walker.ccc:1:1769)
    at ObjectWalker.parseCCClass (/Applications/Cocos/Creator/3.8.7/CocosCreator.app/Contents/Resources/app.asar/builtin/engine/dist/editor-extends/missing-reporter/object-walker.ccc:1:656)
    at ObjectWalker.parseObject (/Applications/Cocos/Creator/3.8.7/CocosCreator.app/Contents/Resources/app.asar/builtin/engine/dist/editor-extends/missing-reporter/object-walker.ccc:1:469)
    at ObjectWalker.walk (/Applications/Cocos/Creator/3.8.7/CocosCreator.app/Contents/Resources/app.asar/builtin/engine/dist/editor-extends/missing-reporter/object-walker.ccc:1:1876)
    at ObjectWalker.forEach (/Applications/Cocos/Creator/3.8.7/CocosCreator.app/Contents/Resources/app.asar/builtin/engine/dist/editor-extends/missing-reporter/object-walker.ccc:1:831)
    at ObjectWalker.parseObject (/Applications/Cocos/Creator/3.8.7/CocosCreator.app/Contents/Resources/app.asar/builtin/engine/dist/editor-extends/missing-reporter/object-walker.ccc:1:339)
    at ObjectWalker.walk (/Applications/Cocos/Creator/3.8.7/CocosCreator.app/Contents/Resources/app.asar/builtin/engine/dist/editor-extends/missing-reporter/object-walker.ccc:1:1876)
    at ObjectWalker.parseCCClass (/Applications/Cocos/Creator/3.8.7/CocosCreator.app/Contents/Resources/app.asar/builtin/engine/dist/editor-extends/missing-reporter/object-walker.ccc:1:656)
    at ObjectWalker.parseObject (/Applications/Cocos/Creator/3.8.7/CocosCreator.app/Contents/Resources/app.asar/builtin/engine/dist/editor-extends/missing-reporter/object-walker.ccc:1:469)
    at ObjectWalker.walk (/Applications/Cocos/Creator/3.8.7/CocosCreator.app/Contents/Resources/app.asar/builtin/engine/dist/editor-extends/missing-reporter/object-walker.ccc:1:1876)
    at ObjectWalker.parseCCClass (/Applications/Cocos/Creator/3.8.7/CocosCreator.app/Contents/Resources/app.asar/builtin/engine/dist/editor-extends/missing-reporter/object-walker.ccc:1:656)
    at ObjectWalker.parseObject (/Applications/Cocos/Creator/3.8.7/CocosCreator.app/Contents/Resources/app.asar/builtin/engine/dist/editor-extends/missing-reporter/object-walker.ccc:1:469)
    at new ObjectWalker (/Applications/Cocos/Creator/3.8.7/CocosCreator.app/Contents/Resources/app.asar/builtin/engine/dist/editor-extends/missing-reporter/object-walker.ccc:1:1426)
    at Object.walkProperties (/Applications/Cocos/Creator/3.8.7/CocosCreator.app/Contents/Resources/app.asar/builtin/engine/dist/editor-extends/missing-reporter/object-walker.ccc:1:2245)
    at MissingClassReporter.reportByOwner (/Applications/Cocos/Creator/3.8.7/CocosCreator.app/Contents/Resources/app.asar/builtin/engine/dist/editor-extends/missing-reporter/missing-class-reporter.ccc:7:658)
    at Object.reportMissingClass (/Applications/Cocos/Creator/3.8.7/CocosCreator.app/Contents/Resources/app.asar/builtin/engine/dist/editor-extends/missing-reporter/missing-class-reporter.ccc:7:1262)
    at deserializeAsset (/Applications/Cocos/Creator/3.8.7/CocosCreator.app/Contents/Resources/resources/3d/engine/bin/.cache/dev/editor/bundled/index.js:118512:20)
    at parseImport (/Applications/Cocos/Creator/3.8.7/CocosCreator.app/Contents/Resources/resources/3d/engine/bin/.cache/dev/editor/bundled/index.js:119967:22)
    at Parser.parse (/Applications/Cocos/Creator/3.8.7/CocosCreator.app/Contents/Resources/resources/3d/engine/bin/.cache/dev/editor/bundled/index.js:120050:11)
    at parse (/Applications/Cocos/Creator/3.8.7/CocosCreator.app/Contents/Resources/resources/3d/engine/bin/.cache/dev/editor/bundled/index.js:119543:20)
    at Pipeline._flow (/Applications/Cocos/Creator/3.8.7/CocosCreator.app/Contents/Resources/resources/3d/engine/bin/.cache/dev/editor/bundled/index.js:121458:11)
    at eval (/Applications/Cocos/Creator/3.8.7/CocosCreator.app/Contents/Resources/resources/3d/engine/bin/.cache/dev/editor/bundled/index.js:121468:22)
    at Array.eval (/Applications/Cocos/Creator/3.8.7/CocosCreator.app/Contents/Resources/resources/3d/engine/bin/.cache/dev/editor/bundled/index.js:119483:11)
    at finale (/Applications/Cocos/Creator/3.8.7/CocosCreator.app/Contents/Resources/resources/3d/engine/bin/.cache/dev/editor/bundled/index.js:120713:27)
    at eval (/Applications/Cocos/Creator/3.8.7/CocosCreator.app/Contents/Resources/resources/3d/engine/bin/.cache/dev/editor/bundled/index.js:122045:11)
    at XMLHttpRequest.xhr.onload (/Applications/Cocos/Creator/3.8.7/CocosCreator.app/Contents/Resources/resources/3d/engine/bin/.cache/dev/editor/bundled/index.js:118340:11)
    at XMLHttpRequest.sentryWrapped (/Applications/Cocos/Creator/3.8.7/CocosCreator.app/Contents/Resources/app.asar/node_modules/@sentry/browser/src/helpers.ts:116:17)
10-4-2025 13:54:37 - error: [Scene] Script "PlayerController" attached to "Player" is missing or invalid. Detailed information:
Node path: "Player"
Error: [Scene] Script "PlayerController" attached to "Player" is missing or invalid. Detailed information:
Node path: "Player"

    at console.error (/Applications/Cocos/Creator/3.8.7/CocosCreator.app/Contents/Resources/app.asar/node_modules/@sentry/core/src/utils-hoist/instrument/console.ts:40:14)
    at report (/Applications/Cocos/Creator/3.8.7/CocosCreator.app/Contents/Resources/app.asar/builtin/engine/dist/editor-extends/missing-reporter/missing-class-reporter.ccc:7:25)
    at reportByWalker (/Applications/Cocos/Creator/3.8.7/CocosCreator.app/Contents/Resources/app.asar/builtin/engine/dist/editor-extends/missing-reporter/missing-class-reporter.ccc:7:133)
    at /Applications/Cocos/Creator/3.8.7/CocosCreator.app/Contents/Resources/app.asar/builtin/engine/dist/editor-extends/missing-reporter/missing-class-reporter.ccc:7:746
    at ObjectWalkerBehavior.walk (/Applications/Cocos/Creator/3.8.7/CocosCreator.app/Contents/Resources/app.asar/builtin/engine/dist/editor-extends/missing-reporter/object-walker.ccc:1:2379)
    at ObjectWalkerBehavior.forEach (/Applications/Cocos/Creator/3.8.7/CocosCreator.app/Contents/Resources/app.asar/builtin/engine/dist/editor-extends/missing-reporter/object-walker.ccc:1:831)
    at ObjectWalkerBehavior.parseObject (/Applications/Cocos/Creator/3.8.7/CocosCreator.app/Contents/Resources/app.asar/builtin/engine/dist/editor-extends/missing-reporter/object-walker.ccc:1:339)
    at doWalkProperties (/Applications/Cocos/Creator/3.8.7/CocosCreator.app/Contents/Resources/app.asar/builtin/engine/dist/editor-extends/missing-reporter/object-walker.ccc:1:2173)
    at ObjectWalker.iteratee (/Applications/Cocos/Creator/3.8.7/CocosCreator.app/Contents/Resources/app.asar/builtin/engine/dist/editor-extends/missing-reporter/object-walker.ccc:1:2316)
    at ObjectWalker.walk (/Applications/Cocos/Creator/3.8.7/CocosCreator.app/Contents/Resources/app.asar/builtin/engine/dist/editor-extends/missing-reporter/object-walker.ccc:1:1769)
    at ObjectWalker.parseCCClass (/Applications/Cocos/Creator/3.8.7/CocosCreator.app/Contents/Resources/app.asar/builtin/engine/dist/editor-extends/missing-reporter/object-walker.ccc:1:656)
    at ObjectWalker.parseObject (/Applications/Cocos/Creator/3.8.7/CocosCreator.app/Contents/Resources/app.asar/builtin/engine/dist/editor-extends/missing-reporter/object-walker.ccc:1:469)
    at ObjectWalker.walk (/Applications/Cocos/Creator/3.8.7/CocosCreator.app/Contents/Resources/app.asar/builtin/engine/dist/editor-extends/missing-reporter/object-walker.ccc:1:1876)
    at ObjectWalker.forIn (/Applications/Cocos/Creator/3.8.7/CocosCreator.app/Contents/Resources/app.asar/builtin/engine/dist/editor-extends/missing-reporter/object-walker.ccc:1:769)
    at ObjectWalker.parseObject (/Applications/Cocos/Creator/3.8.7/CocosCreator.app/Contents/Resources/app.asar/builtin/engine/dist/editor-extends/missing-reporter/object-walker.ccc:1:494)
    at ObjectWalker.walk (/Applications/Cocos/Creator/3.8.7/CocosCreator.app/Contents/Resources/app.asar/builtin/engine/dist/editor-extends/missing-reporter/object-walker.ccc:1:1876)
    at ObjectWalker.parseCCClass (/Applications/Cocos/Creator/3.8.7/CocosCreator.app/Contents/Resources/app.asar/builtin/engine/dist/editor-extends/missing-reporter/object-walker.ccc:1:656)
    at ObjectWalker.parseObject (/Applications/Cocos/Creator/3.8.7/CocosCreator.app/Contents/Resources/app.asar/builtin/engine/dist/editor-extends/missing-reporter/object-walker.ccc:1:469)
    at ObjectWalker.walk (/Applications/Cocos/Creator/3.8.7/CocosCreator.app/Contents/Resources/app.asar/builtin/engine/dist/editor-extends/missing-reporter/object-walker.ccc:1:1876)
    at ObjectWalker.forEach (/Applications/Cocos/Creator/3.8.7/CocosCreator.app/Contents/Resources/app.asar/builtin/engine/dist/editor-extends/missing-reporter/object-walker.ccc:1:831)
    at ObjectWalker.parseObject (/Applications/Cocos/Creator/3.8.7/CocosCreator.app/Contents/Resources/app.asar/builtin/engine/dist/editor-extends/missing-reporter/object-walker.ccc:1:339)
    at ObjectWalker.walk (/Applications/Cocos/Creator/3.8.7/CocosCreator.app/Contents/Resources/app.asar/builtin/engine/dist/editor-extends/missing-reporter/object-walker.ccc:1:1876)
    at ObjectWalker.parseCCClass (/Applications/Cocos/Creator/3.8.7/CocosCreator.app/Contents/Resources/app.asar/builtin/engine/dist/editor-extends/missing-reporter/object-walker.ccc:1:656)
    at ObjectWalker.parseObject (/Applications/Cocos/Creator/3.8.7/CocosCreator.app/Contents/Resources/app.asar/builtin/engine/dist/editor-extends/missing-reporter/object-walker.ccc:1:469)
    at ObjectWalker.walk (/Applications/Cocos/Creator/3.8.7/CocosCreator.app/Contents/Resources/app.asar/builtin/engine/dist/editor-extends/missing-reporter/object-walker.ccc:1:1876)
    at ObjectWalker.forEach (/Applications/Cocos/Creator/3.8.7/CocosCreator.app/Contents/Resources/app.asar/builtin/engine/dist/editor-extends/missing-reporter/object-walker.ccc:1:831)
    at ObjectWalker.parseObject (/Applications/Cocos/Creator/3.8.7/CocosCreator.app/Contents/Resources/app.asar/builtin/engine/dist/editor-extends/missing-reporter/object-walker.ccc:1:339)
    at ObjectWalker.walk (/Applications/Cocos/Creator/3.8.7/CocosCreator.app/Contents/Resources/app.asar/builtin/engine/dist/editor-extends/missing-reporter/object-walker.ccc:1:1876)
    at ObjectWalker.parseCCClass (/Applications/Cocos/Creator/3.8.7/CocosCreator.app/Contents/Resources/app.asar/builtin/engine/dist/editor-extends/missing-reporter/object-walker.ccc:1:656)
    at ObjectWalker.parseObject (/Applications/Cocos/Creator/3.8.7/CocosCreator.app/Contents/Resources/app.asar/builtin/engine/dist/editor-extends/missing-reporter/object-walker.ccc:1:469)
    at ObjectWalker.walk (/Applications/Cocos/Creator/3.8.7/CocosCreator.app/Contents/Resources/app.asar/builtin/engine/dist/editor-extends/missing-reporter/object-walker.ccc:1:1876)
    at ObjectWalker.parseCCClass (/Applications/Cocos/Creator/3.8.7/CocosCreator.app/Contents/Resources/app.asar/builtin/engine/dist/editor-extends/missing-reporter/object-walker.ccc:1:656)
    at ObjectWalker.parseObject (/Applications/Cocos/Creator/3.8.7/CocosCreator.app/Contents/Resources/app.asar/builtin/engine/dist/editor-extends/missing-reporter/object-walker.ccc:1:469)
    at new ObjectWalker (/Applications/Cocos/Creator/3.8.7/CocosCreator.app/Contents/Resources/app.asar/builtin/engine/dist/editor-extends/missing-reporter/object-walker.ccc:1:1426)
    at Object.walkProperties (/Applications/Cocos/Creator/3.8.7/CocosCreator.app/Contents/Resources/app.asar/builtin/engine/dist/editor-extends/missing-reporter/object-walker.ccc:1:2245)
    at MissingClassReporter.reportByOwner (/Applications/Cocos/Creator/3.8.7/CocosCreator.app/Contents/Resources/app.asar/builtin/engine/dist/editor-extends/missing-reporter/missing-class-reporter.ccc:7:658)
    at Object.reportMissingClass (/Applications/Cocos/Creator/3.8.7/CocosCreator.app/Contents/Resources/app.asar/builtin/engine/dist/editor-extends/missing-reporter/missing-class-reporter.ccc:7:1262)
    at deserializeAsset (/Applications/Cocos/Creator/3.8.7/CocosCreator.app/Contents/Resources/resources/3d/engine/bin/.cache/dev/editor/bundled/index.js:118512:20)
    at parseImport (/Applications/Cocos/Creator/3.8.7/CocosCreator.app/Contents/Resources/resources/3d/engine/bin/.cache/dev/editor/bundled/index.js:119967:22)
    at Parser.parse (/Applications/Cocos/Creator/3.8.7/CocosCreator.app/Contents/Resources/resources/3d/engine/bin/.cache/dev/editor/bundled/index.js:120050:11)
    at parse (/Applications/Cocos/Creator/3.8.7/CocosCreator.app/Contents/Resources/resources/3d/engine/bin/.cache/dev/editor/bundled/index.js:119543:20)
    at Pipeline._flow (/Applications/Cocos/Creator/3.8.7/CocosCreator.app/Contents/Resources/resources/3d/engine/bin/.cache/dev/editor/bundled/index.js:121458:11)
    at eval (/Applications/Cocos/Creator/3.8.7/CocosCreator.app/Contents/Resources/resources/3d/engine/bin/.cache/dev/editor/bundled/index.js:121468:22)
    at Array.eval (/Applications/Cocos/Creator/3.8.7/CocosCreator.app/Contents/Resources/resources/3d/engine/bin/.cache/dev/editor/bundled/index.js:119483:11)
    at finale (/Applications/Cocos/Creator/3.8.7/CocosCreator.app/Contents/Resources/resources/3d/engine/bin/.cache/dev/editor/bundled/index.js:120713:27)
    at eval (/Applications/Cocos/Creator/3.8.7/CocosCreator.app/Contents/Resources/resources/3d/engine/bin/.cache/dev/editor/bundled/index.js:122045:11)
    at XMLHttpRequest.xhr.onload (/Applications/Cocos/Creator/3.8.7/CocosCreator.app/Contents/Resources/resources/3d/engine/bin/.cache/dev/editor/bundled/index.js:118340:11)
10-4-2025 13:54:37 - error: [Scene] Script "Joystick" attached to "JoystickBase" is missing or invalid. Detailed information:
Node path: "Canvas/JoystickBase"
Error: [Scene] Script "Joystick" attached to "JoystickBase" is missing or invalid. Detailed information:
Node path: "Canvas/JoystickBase"

    at console.error (/Applications/Cocos/Creator/3.8.7/CocosCreator.app/Contents/Resources/app.asar/node_modules/@sentry/core/src/utils-hoist/instrument/console.ts:40:14)
    at report (/Applications/Cocos/Creator/3.8.7/CocosCreator.app/Contents/Resources/app.asar/builtin/engine/dist/editor-extends/missing-reporter/missing-class-reporter.ccc:7:25)
    at reportByWalker (/Applications/Cocos/Creator/3.8.7/CocosCreator.app/Contents/Resources/app.asar/builtin/engine/dist/editor-extends/missing-reporter/missing-class-reporter.ccc:7:133)
    at /Applications/Cocos/Creator/3.8.7/CocosCreator.app/Contents/Resources/app.asar/builtin/engine/dist/editor-extends/missing-reporter/missing-class-reporter.ccc:7:746
    at ObjectWalkerBehavior.walk (/Applications/Cocos/Creator/3.8.7/CocosCreator.app/Contents/Resources/app.asar/builtin/engine/dist/editor-extends/missing-reporter/object-walker.ccc:1:2379)
    at ObjectWalkerBehavior.forEach (/Applications/Cocos/Creator/3.8.7/CocosCreator.app/Contents/Resources/app.asar/builtin/engine/dist/editor-extends/missing-reporter/object-walker.ccc:1:831)
    at ObjectWalkerBehavior.parseObject (/Applications/Cocos/Creator/3.8.7/CocosCreator.app/Contents/Resources/app.asar/builtin/engine/dist/editor-extends/missing-reporter/object-walker.ccc:1:339)
    at doWalkProperties (/Applications/Cocos/Creator/3.8.7/CocosCreator.app/Contents/Resources/app.asar/builtin/engine/dist/editor-extends/missing-reporter/object-walker.ccc:1:2173)
    at ObjectWalker.iteratee (/Applications/Cocos/Creator/3.8.7/CocosCreator.app/Contents/Resources/app.asar/builtin/engine/dist/editor-extends/missing-reporter/object-walker.ccc:1:2316)
    at ObjectWalker.walk (/Applications/Cocos/Creator/3.8.7/CocosCreator.app/Contents/Resources/app.asar/builtin/engine/dist/editor-extends/missing-reporter/object-walker.ccc:1:1769)
    at ObjectWalker.parseCCClass (/Applications/Cocos/Creator/3.8.7/CocosCreator.app/Contents/Resources/app.asar/builtin/engine/dist/editor-extends/missing-reporter/object-walker.ccc:1:656)
    at ObjectWalker.parseObject (/Applications/Cocos/Creator/3.8.7/CocosCreator.app/Contents/Resources/app.asar/builtin/engine/dist/editor-extends/missing-reporter/object-walker.ccc:1:469)
    at ObjectWalker.walk (/Applications/Cocos/Creator/3.8.7/CocosCreator.app/Contents/Resources/app.asar/builtin/engine/dist/editor-extends/missing-reporter/object-walker.ccc:1:1876)
    at ObjectWalker.parseCCClass (/Applications/Cocos/Creator/3.8.7/CocosCreator.app/Contents/Resources/app.asar/builtin/engine/dist/editor-extends/missing-reporter/object-walker.ccc:1:656)
    at ObjectWalker.parseObject (/Applications/Cocos/Creator/3.8.7/CocosCreator.app/Contents/Resources/app.asar/builtin/engine/dist/editor-extends/missing-reporter/object-walker.ccc:1:469)
    at ObjectWalker.walk (/Applications/Cocos/Creator/3.8.7/CocosCreator.app/Contents/Resources/app.asar/builtin/engine/dist/editor-extends/missing-reporter/object-walker.ccc:1:1876)
    at ObjectWalker.parseCCClass (/Applications/Cocos/Creator/3.8.7/CocosCreator.app/Contents/Resources/app.asar/builtin/engine/dist/editor-extends/missing-reporter/object-walker.ccc:1:656)
    at ObjectWalker.parseObject (/Applications/Cocos/Creator/3.8.7/CocosCreator.app/Contents/Resources/app.asar/builtin/engine/dist/editor-extends/missing-reporter/object-walker.ccc:1:469)
    at new ObjectWalker (/Applications/Cocos/Creator/3.8.7/CocosCreator.app/Contents/Resources/app.asar/builtin/engine/dist/editor-extends/missing-reporter/object-walker.ccc:1:1426)
    at Object.walkProperties (/Applications/Cocos/Creator/3.8.7/CocosCreator.app/Contents/Resources/app.asar/builtin/engine/dist/editor-extends/missing-reporter/object-walker.ccc:1:2245)
    at MissingClassReporter.reportByOwner (/Applications/Cocos/Creator/3.8.7/CocosCreator.app/Contents/Resources/app.asar/builtin/engine/dist/editor-extends/missing-reporter/missing-class-reporter.ccc:7:658)
    at Object.reportMissingClass (/Applications/Cocos/Creator/3.8.7/CocosCreator.app/Contents/Resources/app.asar/builtin/engine/dist/editor-extends/missing-reporter/missing-class-reporter.ccc:7:1262)
    at deserializeAsset (/Applications/Cocos/Creator/3.8.7/CocosCreator.app/Contents/Resources/resources/3d/engine/bin/.cache/dev/editor/bundled/index.js:118512:20)
    at parseImport (/Applications/Cocos/Creator/3.8.7/CocosCreator.app/Contents/Resources/resources/3d/engine/bin/.cache/dev/editor/bundled/index.js:119967:22)
    at Parser.parse (/Applications/Cocos/Creator/3.8.7/CocosCreator.app/Contents/Resources/resources/3d/engine/bin/.cache/dev/editor/bundled/index.js:120050:11)
    at parse (/Applications/Cocos/Creator/3.8.7/CocosCreator.app/Contents/Resources/resources/3d/engine/bin/.cache/dev/editor/bundled/index.js:119543:20)
    at Pipeline._flow (/Applications/Cocos/Creator/3.8.7/CocosCreator.app/Contents/Resources/resources/3d/engine/bin/.cache/dev/editor/bundled/index.js:121458:11)
    at eval (/Applications/Cocos/Creator/3.8.7/CocosCreator.app/Contents/Resources/resources/3d/engine/bin/.cache/dev/editor/bundled/index.js:121468:22)
    at Array.eval (/Applications/Cocos/Creator/3.8.7/CocosCreator.app/Contents/Resources/resources/3d/engine/bin/.cache/dev/editor/bundled/index.js:119483:11)
    at finale (/Applications/Cocos/Creator/3.8.7/CocosCreator.app/Contents/Resources/resources/3d/engine/bin/.cache/dev/editor/bundled/index.js:120713:27)
    at eval (/Applications/Cocos/Creator/3.8.7/CocosCreator.app/Contents/Resources/resources/3d/engine/bin/.cache/dev/editor/bundled/index.js:122045:11)
    at XMLHttpRequest.xhr.onload (/Applications/Cocos/Creator/3.8.7/CocosCreator.app/Contents/Resources/resources/3d/engine/bin/.cache/dev/editor/bundled/index.js:118340:11)
    at XMLHttpRequest.sentryWrapped (/Applications/Cocos/Creator/3.8.7/CocosCreator.app/Contents/Resources/app.asar/node_modules/@sentry/browser/src/helpers.ts:116:17)
10-4-2025 13:54:37 - error: [Scene] Open scene failed: 59940598-58cc-40aa-bff7-c60c6157b656Error: [Scene] Open scene failed: 59940598-58cc-40aa-bff7-c60c6157b656
    at console.error (/Applications/Cocos/Creator/3.8.7/CocosCreator.app/Contents/Resources/app.asar/node_modules/@sentry/core/src/utils-hoist/instrument/console.ts:40:14)
    at GeneralSceneProxy._loadScene (/Applications/Cocos/Creator/3.8.7/CocosCreator.app/Contents/Resources/app.asar/builtin/scene/dist/script/3d/manager/scene/proxy/general-scene-proxy.ccc:1:2204)
    at GeneralSceneProxy._open (/Applications/Cocos/Creator/3.8.7/CocosCreator.app/Contents/Resources/app.asar/builtin/scene/dist/script/3d/manager/scene/proxy/general-scene-proxy.ccc:1:1421)
    at GeneralSceneFacade.openScene (/Applications/Cocos/Creator/3.8.7/CocosCreator.app/Contents/Resources/app.asar/builtin/scene/dist/script/3d/facade/general-scene-facade.ccc:1:4918)
    at SceneFacadeManager.openScene (/Applications/Cocos/Creator/3.8.7/CocosCreator.app/Contents/Resources/app.asar/builtin/scene/dist/script/3d/facade/scene-facade-manager.ccc:1:8039)
10-4-2025 13:54:37 - error: [Scene] child._onBatchCreated is not a functionTypeError: child._onBatchCreated is not a function
    at eval (/Applications/Cocos/Creator/3.8.7/CocosCreator.app/Contents/Resources/resources/3d/engine/bin/.cache/dev/editor/bundled/index.js:57107:19)
    at Array.forEach (<anonymous>)
    at Node._onBatchCreated (/Applications/Cocos/Creator/3.8.7/CocosCreator.app/Contents/Resources/resources/3d/engine/bin/.cache/dev/editor/bundled/index.js:57105:26)
    at Scene._onBatchCreated (/Applications/Cocos/Creator/3.8.7/CocosCreator.app/Contents/Resources/resources/3d/engine/bin/.cache/dev/editor/bundled/index.js:58091:31)
    at Scene._load (/Applications/Cocos/Creator/3.8.7/CocosCreator.app/Contents/Resources/resources/3d/engine/bin/.cache/dev/editor/bundled/index.js:58123:18)
    at Director.runSceneImmediate (/Applications/Cocos/Creator/3.8.7/CocosCreator.app/Contents/Resources/resources/3d/engine/bin/.cache/dev/editor/bundled/index.js:16951:17)
    at /Applications/Cocos/Creator/3.8.7/CocosCreator.app/Contents/Resources/app.asar/builtin/scene/dist/script/3d/manager/scene/utils.ccc:1:381
    at eval (/Applications/Cocos/Creator/3.8.7/CocosCreator.app/Contents/Resources/resources/3d/engine/bin/.cache/dev/editor/bundled/index.js:122261:9)
    at eval (/Applications/Cocos/Creator/3.8.7/CocosCreator.app/Contents/Resources/resources/3d/engine/bin/.cache/dev/editor/bundled/index.js:172671:9)
    at sentryWrapped (/Applications/Cocos/Creator/3.8.7/CocosCreator.app/Contents/Resources/app.asar/node_modules/@sentry/browser/src/helpers.ts:116:17)
