16:19:23.501 debug: 2025/10/1 16:19:23
16:19:23.501 debug: Project: /Users/clare/Desktop/前哨AI小课/ClareProject/Cute-Pet-Escape-Project/CocosProject
16:19:23.501 debug: Targets: editor,preview
16:19:23.522 debug: Packer deriver version file lost or format incorrect: Error: ENOENT: no such file or directory, open '/Users/clare/Desktop/前哨AI小课/ClareProject/Cute-Pet-Escape-Project/CocosProject/temp/programming/packer-driver/VERSION'
16:19:23.522 debug: Clearing out the targets...
16:19:23.532 debug: Engine path: /Applications/Cocos/Creator/3.8.7/CocosCreator.app/Contents/Resources/resources/3d/engine
16:19:23.545 debug: Initializing target [Editor]
16:19:23.545 debug: Loading cache
16:19:23.546 debug: No record files found: Error: ENOENT: no such file or directory, open '/Users/clare/Desktop/前哨AI小课/ClareProject/Cute-Pet-Escape-Project/CocosProject/temp/programming/packer-driver/targets/editor/main-record.json'
16:19:23.546 debug: Loading cache costs 0.3977919999997539ms.
16:19:23.546 debug: Engine features shipped in editor: base,gfx-webgl,gfx-webgl2,gfx-empty,gfx-webgpu,3d,animation,skeletal-animation,2d,rich-text,mask,graphics,ui-skew,ui,affine-transform,sorting-2d,particle,particle-2d,physics-framework,physics-cannon,physics-physx,physics-ammo,physics-builtin,physics-2d-framework,physics-2d-box2d-jsb,physics-2d-box2d,physics-2d-builtin,physics-2d-box2d-wasm,intersection-2d,primitive,profiler,occlusion-query,geometry-renderer,debug-renderer,audio,video,xr,light-probe,terrain,webview,tween,tiled-map,vendor-google,spine-3.8,spine-4.2,dragon-bones,marionette,procedural-animation,custom-pipeline,custom-pipeline-builtin-scripts,custom-pipeline-post-process,legacy-pipeline,websocket,websocket-server,meshopt
16:19:23.546 debug: Our import map(foo:/bar): {
  "imports": {
    "cc": "cce:/internal/x/cc"
  }
}
16:19:23.546 debug: Initializing target [Preview]
16:19:23.547 debug: Loading cache
16:19:23.547 debug: No record files found: Error: ENOENT: no such file or directory, open '/Users/clare/Desktop/前哨AI小课/ClareProject/Cute-Pet-Escape-Project/CocosProject/temp/programming/packer-driver/targets/preview/main-record.json'
16:19:23.547 debug: Loading cache costs 0.45900000000074215ms.
16:19:23.547 debug: Our import map(foo:/bar): {
  "imports": {
    "cc": "cce:/internal/x/cc"
  }
}
16:19:23.641 debug: Sync engine features: 2d,3d,affine-transform,animation,audio,base,custom-pipeline,dragon-bones,gfx-webgl,graphics,intersection-2d,light-probe,marionette,mask,particle,particle-2d,physics-2d-box2d,physics-ammo,primitive,profiler,rich-text,skeletal-animation,spine-3.8,terrain,tiled-map,tween,ui,ui-skew,video,websocket,webview
16:19:23.647 debug: Reset databases. Enumerated domains: [
  {
    "root": "db://internal/",
    "physical": "/Applications/Cocos/Creator/3.8.7/CocosCreator.app/Contents/Resources/resources/3d/engine/editor/assets"
  },
  {
    "root": "db://assets/",
    "physical": "/Users/clare/Desktop/前哨AI小课/ClareProject/Cute-Pet-Escape-Project/CocosProject/assets"
  }
]
16:19:23.647 debug: Our import map(foo:/bar): {
  "imports": {
    "cc": "cce:/internal/x/cc",
    "db://internal/": "file:///Applications/Cocos/Creator/3.8.7/CocosCreator.app/Contents/Resources/resources/3d/engine/editor/assets/",
    "db://assets/": "file:///Users/clare/Desktop/%E5%89%8D%E5%93%A8AI%E5%B0%8F%E8%AF%BE/ClareProject/Cute-Pet-Escape-Project/CocosProject/assets/"
  }
}
16:19:23.648 debug: Our import map(foo:/bar): {
  "imports": {
    "cc": "cce:/internal/x/cc",
    "db://internal/": "file:///Applications/Cocos/Creator/3.8.7/CocosCreator.app/Contents/Resources/resources/3d/engine/editor/assets/",
    "db://assets/": "file:///Users/clare/Desktop/%E5%89%8D%E5%93%A8AI%E5%B0%8F%E8%AF%BE/ClareProject/Cute-Pet-Escape-Project/CocosProject/assets/"
  }
}
16:19:23.649 debug: Pulling asset-db.
16:19:23.653 debug: Fetch asset-db cost: 4.589708999999857ms.
16:19:23.656 debug: Build iteration starts.
Number of accumulated asset changes: 0
Feature changed: false
16:19:23.656 debug: Target(editor) build started.
16:19:23.660 debug: QuickPack.build, lock file failed!, workspace: /Users/clare/Desktop/前哨AI小课/ClareProject/Cute-Pet-Escape-Project/CocosProject/temp/programming/packer-driver/targets/editor, err: Error: ENOENT: no such file or directory, lstat '/Users/clare/Desktop/前哨AI小课/ClareProject/Cute-Pet-Escape-Project/CocosProject/temp/programming/packer-driver/targets/editor'
16:19:23.660 debug: Inspect cce:/internal/x/cc
16:19:23.742 debug: transform url: 'cce:/internal/x/cc' costs: 82.20 ms
16:19:23.745 debug: Resolve cce:/internal/x/cc-fu/base from cce:/internal/x/cc as external dependency cce:/internal/x/cc-fu/base.
16:19:23.745 debug: Resolve cce:/internal/x/cc-fu/gfx-webgl from cce:/internal/x/cc as external dependency cce:/internal/x/cc-fu/gfx-webgl.
16:19:23.745 debug: Resolve cce:/internal/x/cc-fu/gfx-webgl2 from cce:/internal/x/cc as external dependency cce:/internal/x/cc-fu/gfx-webgl2.
16:19:23.745 debug: Resolve cce:/internal/x/cc-fu/gfx-empty from cce:/internal/x/cc as external dependency cce:/internal/x/cc-fu/gfx-empty.
16:19:23.745 debug: Resolve cce:/internal/x/cc-fu/gfx-webgpu from cce:/internal/x/cc as external dependency cce:/internal/x/cc-fu/gfx-webgpu.
16:19:23.745 debug: Resolve cce:/internal/x/cc-fu/3d from cce:/internal/x/cc as external dependency cce:/internal/x/cc-fu/3d.
16:19:23.745 debug: Resolve cce:/internal/x/cc-fu/animation from cce:/internal/x/cc as external dependency cce:/internal/x/cc-fu/animation.
16:19:23.745 debug: Resolve cce:/internal/x/cc-fu/skeletal-animation from cce:/internal/x/cc as external dependency cce:/internal/x/cc-fu/skeletal-animation.
16:19:23.745 debug: Resolve cce:/internal/x/cc-fu/2d from cce:/internal/x/cc as external dependency cce:/internal/x/cc-fu/2d.
16:19:23.746 debug: Resolve cce:/internal/x/cc-fu/sorting from cce:/internal/x/cc as external dependency cce:/internal/x/cc-fu/sorting.
16:19:23.746 debug: Resolve cce:/internal/x/cc-fu/rich-text from cce:/internal/x/cc as external dependency cce:/internal/x/cc-fu/rich-text.
16:19:23.746 debug: Resolve cce:/internal/x/cc-fu/mask from cce:/internal/x/cc as external dependency cce:/internal/x/cc-fu/mask.
16:19:23.746 debug: Resolve cce:/internal/x/cc-fu/graphics from cce:/internal/x/cc as external dependency cce:/internal/x/cc-fu/graphics.
16:19:23.746 debug: Resolve cce:/internal/x/cc-fu/ui-skew from cce:/internal/x/cc as external dependency cce:/internal/x/cc-fu/ui-skew.
16:19:23.746 debug: Resolve cce:/internal/x/cc-fu/ui from cce:/internal/x/cc as external dependency cce:/internal/x/cc-fu/ui.
16:19:23.746 debug: Resolve cce:/internal/x/cc-fu/affine-transform from cce:/internal/x/cc as external dependency cce:/internal/x/cc-fu/affine-transform.
16:19:23.746 debug: Resolve cce:/internal/x/cc-fu/sorting-2d from cce:/internal/x/cc as external dependency cce:/internal/x/cc-fu/sorting-2d.
16:19:23.746 debug: Resolve cce:/internal/x/cc-fu/particle from cce:/internal/x/cc as external dependency cce:/internal/x/cc-fu/particle.
16:19:23.746 debug: Resolve cce:/internal/x/cc-fu/particle-2d from cce:/internal/x/cc as external dependency cce:/internal/x/cc-fu/particle-2d.
16:19:23.746 debug: Resolve cce:/internal/x/cc-fu/physics-framework from cce:/internal/x/cc as external dependency cce:/internal/x/cc-fu/physics-framework.
16:19:23.746 debug: Resolve cce:/internal/x/cc-fu/physics-cannon from cce:/internal/x/cc as external dependency cce:/internal/x/cc-fu/physics-cannon.
16:19:23.747 debug: Resolve cce:/internal/x/cc-fu/physics-physx from cce:/internal/x/cc as external dependency cce:/internal/x/cc-fu/physics-physx.
16:19:23.747 debug: Resolve cce:/internal/x/cc-fu/physics-ammo from cce:/internal/x/cc as external dependency cce:/internal/x/cc-fu/physics-ammo.
16:19:23.747 debug: Resolve cce:/internal/x/cc-fu/physics-builtin from cce:/internal/x/cc as external dependency cce:/internal/x/cc-fu/physics-builtin.
16:19:23.747 debug: Resolve cce:/internal/x/cc-fu/physics-2d-framework from cce:/internal/x/cc as external dependency cce:/internal/x/cc-fu/physics-2d-framework.
16:19:23.747 debug: Resolve cce:/internal/x/cc-fu/physics-2d-box2d-jsb from cce:/internal/x/cc as external dependency cce:/internal/x/cc-fu/physics-2d-box2d-jsb.
16:19:23.747 debug: Resolve cce:/internal/x/cc-fu/physics-2d-box2d from cce:/internal/x/cc as external dependency cce:/internal/x/cc-fu/physics-2d-box2d.
16:19:23.747 debug: Resolve cce:/internal/x/cc-fu/physics-2d-builtin from cce:/internal/x/cc as external dependency cce:/internal/x/cc-fu/physics-2d-builtin.
16:19:23.747 debug: Resolve cce:/internal/x/cc-fu/physics-2d-box2d-wasm from cce:/internal/x/cc as external dependency cce:/internal/x/cc-fu/physics-2d-box2d-wasm.
16:19:23.747 debug: Resolve cce:/internal/x/cc-fu/intersection-2d from cce:/internal/x/cc as external dependency cce:/internal/x/cc-fu/intersection-2d.
16:19:23.747 debug: Resolve cce:/internal/x/cc-fu/primitive from cce:/internal/x/cc as external dependency cce:/internal/x/cc-fu/primitive.
16:19:23.747 debug: Resolve cce:/internal/x/cc-fu/profiler from cce:/internal/x/cc as external dependency cce:/internal/x/cc-fu/profiler.
16:19:23.747 debug: Resolve cce:/internal/x/cc-fu/geometry-renderer from cce:/internal/x/cc as external dependency cce:/internal/x/cc-fu/geometry-renderer.
16:19:23.747 debug: Resolve cce:/internal/x/cc-fu/audio from cce:/internal/x/cc as external dependency cce:/internal/x/cc-fu/audio.
16:19:23.747 debug: Resolve cce:/internal/x/cc-fu/video from cce:/internal/x/cc as external dependency cce:/internal/x/cc-fu/video.
16:19:23.747 debug: Resolve cce:/internal/x/cc-fu/xr from cce:/internal/x/cc as external dependency cce:/internal/x/cc-fu/xr.
16:19:23.747 debug: Resolve cce:/internal/x/cc-fu/light-probe from cce:/internal/x/cc as external dependency cce:/internal/x/cc-fu/light-probe.
16:19:23.747 debug: Resolve cce:/internal/x/cc-fu/terrain from cce:/internal/x/cc as external dependency cce:/internal/x/cc-fu/terrain.
16:19:23.748 debug: Resolve cce:/internal/x/cc-fu/webview from cce:/internal/x/cc as external dependency cce:/internal/x/cc-fu/webview.
16:19:23.748 debug: Resolve cce:/internal/x/cc-fu/tween from cce:/internal/x/cc as external dependency cce:/internal/x/cc-fu/tween.
16:19:23.748 debug: Resolve cce:/internal/x/cc-fu/tiled-map from cce:/internal/x/cc as external dependency cce:/internal/x/cc-fu/tiled-map.
16:19:23.748 debug: Resolve cce:/internal/x/cc-fu/vendor-google from cce:/internal/x/cc as external dependency cce:/internal/x/cc-fu/vendor-google.
16:19:23.748 debug: Resolve cce:/internal/x/cc-fu/spine from cce:/internal/x/cc as external dependency cce:/internal/x/cc-fu/spine.
16:19:23.748 debug: Resolve cce:/internal/x/cc-fu/dragon-bones from cce:/internal/x/cc as external dependency cce:/internal/x/cc-fu/dragon-bones.
16:19:23.748 debug: Resolve cce:/internal/x/cc-fu/custom-pipeline from cce:/internal/x/cc as external dependency cce:/internal/x/cc-fu/custom-pipeline.
16:19:23.748 debug: Resolve cce:/internal/x/cc-fu/custom-pipeline-post-process from cce:/internal/x/cc as external dependency cce:/internal/x/cc-fu/custom-pipeline-post-process.
16:19:23.748 debug: Resolve cce:/internal/x/cc-fu/legacy-pipeline from cce:/internal/x/cc as external dependency cce:/internal/x/cc-fu/legacy-pipeline.
16:19:23.749 debug: Inspect cce:/internal/x/prerequisite-imports
16:19:23.773 debug: transform url: 'cce:/internal/x/prerequisite-imports' costs: 24.00 ms
16:19:23.781 debug: Target(editor) ends with cost 124.5614999999998ms.
16:19:23.781 debug: Target(preview) build started.
16:19:23.784 debug: QuickPack.build, lock file failed!, workspace: /Users/clare/Desktop/前哨AI小课/ClareProject/Cute-Pet-Escape-Project/CocosProject/temp/programming/packer-driver/targets/preview, err: Error: ENOENT: no such file or directory, lstat '/Users/clare/Desktop/前哨AI小课/ClareProject/Cute-Pet-Escape-Project/CocosProject/temp/programming/packer-driver/targets/preview'
16:19:23.785 debug: Inspect cce:/internal/x/cc
16:19:23.831 debug: transform url: 'cce:/internal/x/cc' costs: 46.10 ms
16:19:23.833 debug: Resolve cce:/internal/x/cc-fu/2d from cce:/internal/x/cc as external dependency cce:/internal/x/cc-fu/2d.
16:19:23.834 debug: Resolve cce:/internal/x/cc-fu/sorting from cce:/internal/x/cc as external dependency cce:/internal/x/cc-fu/sorting.
16:19:23.834 debug: Resolve cce:/internal/x/cc-fu/3d from cce:/internal/x/cc as external dependency cce:/internal/x/cc-fu/3d.
16:19:23.834 debug: Resolve cce:/internal/x/cc-fu/affine-transform from cce:/internal/x/cc as external dependency cce:/internal/x/cc-fu/affine-transform.
16:19:23.834 debug: Resolve cce:/internal/x/cc-fu/animation from cce:/internal/x/cc as external dependency cce:/internal/x/cc-fu/animation.
16:19:23.834 debug: Resolve cce:/internal/x/cc-fu/audio from cce:/internal/x/cc as external dependency cce:/internal/x/cc-fu/audio.
16:19:23.834 debug: Resolve cce:/internal/x/cc-fu/base from cce:/internal/x/cc as external dependency cce:/internal/x/cc-fu/base.
16:19:23.834 debug: Resolve cce:/internal/x/cc-fu/custom-pipeline from cce:/internal/x/cc as external dependency cce:/internal/x/cc-fu/custom-pipeline.
16:19:23.834 debug: Resolve cce:/internal/x/cc-fu/dragon-bones from cce:/internal/x/cc as external dependency cce:/internal/x/cc-fu/dragon-bones.
16:19:23.834 debug: Resolve cce:/internal/x/cc-fu/gfx-webgl from cce:/internal/x/cc as external dependency cce:/internal/x/cc-fu/gfx-webgl.
16:19:23.834 debug: Resolve cce:/internal/x/cc-fu/graphics from cce:/internal/x/cc as external dependency cce:/internal/x/cc-fu/graphics.
16:19:23.834 debug: Resolve cce:/internal/x/cc-fu/intersection-2d from cce:/internal/x/cc as external dependency cce:/internal/x/cc-fu/intersection-2d.
16:19:23.835 debug: Resolve cce:/internal/x/cc-fu/light-probe from cce:/internal/x/cc as external dependency cce:/internal/x/cc-fu/light-probe.
16:19:23.835 debug: Resolve cce:/internal/x/cc-fu/mask from cce:/internal/x/cc as external dependency cce:/internal/x/cc-fu/mask.
16:19:23.835 debug: Resolve cce:/internal/x/cc-fu/particle from cce:/internal/x/cc as external dependency cce:/internal/x/cc-fu/particle.
16:19:23.835 debug: Resolve cce:/internal/x/cc-fu/particle-2d from cce:/internal/x/cc as external dependency cce:/internal/x/cc-fu/particle-2d.
16:19:23.835 debug: Resolve cce:/internal/x/cc-fu/physics-2d-box2d from cce:/internal/x/cc as external dependency cce:/internal/x/cc-fu/physics-2d-box2d.
16:19:23.835 debug: Resolve cce:/internal/x/cc-fu/physics-2d-framework from cce:/internal/x/cc as external dependency cce:/internal/x/cc-fu/physics-2d-framework.
16:19:23.835 debug: Resolve cce:/internal/x/cc-fu/physics-ammo from cce:/internal/x/cc as external dependency cce:/internal/x/cc-fu/physics-ammo.
16:19:23.835 debug: Resolve cce:/internal/x/cc-fu/physics-framework from cce:/internal/x/cc as external dependency cce:/internal/x/cc-fu/physics-framework.
16:19:23.835 debug: Resolve cce:/internal/x/cc-fu/primitive from cce:/internal/x/cc as external dependency cce:/internal/x/cc-fu/primitive.
16:19:23.835 debug: Resolve cce:/internal/x/cc-fu/profiler from cce:/internal/x/cc as external dependency cce:/internal/x/cc-fu/profiler.
16:19:23.835 debug: Resolve cce:/internal/x/cc-fu/rich-text from cce:/internal/x/cc as external dependency cce:/internal/x/cc-fu/rich-text.
16:19:23.836 debug: Resolve cce:/internal/x/cc-fu/skeletal-animation from cce:/internal/x/cc as external dependency cce:/internal/x/cc-fu/skeletal-animation.
16:19:23.836 debug: Resolve cce:/internal/x/cc-fu/spine from cce:/internal/x/cc as external dependency cce:/internal/x/cc-fu/spine.
16:19:23.836 debug: Resolve cce:/internal/x/cc-fu/terrain from cce:/internal/x/cc as external dependency cce:/internal/x/cc-fu/terrain.
16:19:23.836 debug: Resolve cce:/internal/x/cc-fu/tiled-map from cce:/internal/x/cc as external dependency cce:/internal/x/cc-fu/tiled-map.
16:19:23.836 debug: Resolve cce:/internal/x/cc-fu/tween from cce:/internal/x/cc as external dependency cce:/internal/x/cc-fu/tween.
16:19:23.836 debug: Resolve cce:/internal/x/cc-fu/ui from cce:/internal/x/cc as external dependency cce:/internal/x/cc-fu/ui.
16:19:23.836 debug: Resolve cce:/internal/x/cc-fu/ui-skew from cce:/internal/x/cc as external dependency cce:/internal/x/cc-fu/ui-skew.
16:19:23.836 debug: Resolve cce:/internal/x/cc-fu/video from cce:/internal/x/cc as external dependency cce:/internal/x/cc-fu/video.
16:19:23.836 debug: Resolve cce:/internal/x/cc-fu/webview from cce:/internal/x/cc as external dependency cce:/internal/x/cc-fu/webview.
16:19:23.836 debug: Inspect cce:/internal/x/prerequisite-imports
16:19:23.853 debug: transform url: 'cce:/internal/x/prerequisite-imports' costs: 16.90 ms
16:19:23.862 debug: Target(preview) ends with cost 80.53095799999937ms.
16:19:37.858 debug: Pulling asset-db.
16:19:38.372 debug: Fetch asset-db cost: 512.4779170000002ms.
16:19:38.375 debug: Build iteration starts.
Number of accumulated asset changes: 9
Feature changed: false
16:19:38.375 debug: Target(editor) build started.
16:19:38.378 debug: Detected change: cce:/internal/x/prerequisite-imports. Last mtime: Thu Jan 01 1970 08:00:10 GMT+0800 (中国标准时间), Current mtime: Thu Jan 01 1970 08:00:25 GMT+0800 (中国标准时间)
16:19:38.378 debug: Inspect cce:/internal/x/prerequisite-imports
16:19:38.392 debug: transform url: 'cce:/internal/x/prerequisite-imports' costs: 14.30 ms
16:19:38.393 debug: Resolve file:///Applications/Cocos/Creator/3.8.7/CocosCreator.app/Contents/Resources/resources/3d/engine/editor/assets/default_renderpipeline/builtin-dof-pass.ts from cce:/internal/x/prerequisite-imports as file:///Applications/Cocos/Creator/3.8.7/CocosCreator.app/Contents/Resources/resources/3d/engine/editor/assets/default_renderpipeline/builtin-dof-pass.ts.
16:19:38.393 debug: Inspect file:///Applications/Cocos/Creator/3.8.7/CocosCreator.app/Contents/Resources/resources/3d/engine/editor/assets/default_renderpipeline/builtin-dof-pass.ts
16:19:38.478 debug: transform url: 'file:///Applications/Cocos/Creator/3.8.7/CocosCreator.app/Contents/Resources/resources/3d/engine/editor/assets/default_renderpipeline/builtin-dof-pass.ts' costs: 85.00 ms
16:19:38.479 debug: Resolve file:///Applications/Cocos/Creator/3.8.7/CocosCreator.app/Contents/Resources/resources/3d/engine/editor/assets/default_renderpipeline/builtin-pipeline-pass.ts from cce:/internal/x/prerequisite-imports as file:///Applications/Cocos/Creator/3.8.7/CocosCreator.app/Contents/Resources/resources/3d/engine/editor/assets/default_renderpipeline/builtin-pipeline-pass.ts.
16:19:38.479 debug: Inspect file:///Applications/Cocos/Creator/3.8.7/CocosCreator.app/Contents/Resources/resources/3d/engine/editor/assets/default_renderpipeline/builtin-pipeline-pass.ts
16:19:38.497 debug: transform url: 'file:///Applications/Cocos/Creator/3.8.7/CocosCreator.app/Contents/Resources/resources/3d/engine/editor/assets/default_renderpipeline/builtin-pipeline-pass.ts' costs: 18.20 ms
16:19:38.499 debug: Resolve file:///Applications/Cocos/Creator/3.8.7/CocosCreator.app/Contents/Resources/resources/3d/engine/editor/assets/default_renderpipeline/builtin-pipeline-settings.ts from cce:/internal/x/prerequisite-imports as file:///Applications/Cocos/Creator/3.8.7/CocosCreator.app/Contents/Resources/resources/3d/engine/editor/assets/default_renderpipeline/builtin-pipeline-settings.ts.
16:19:38.499 debug: Inspect file:///Applications/Cocos/Creator/3.8.7/CocosCreator.app/Contents/Resources/resources/3d/engine/editor/assets/default_renderpipeline/builtin-pipeline-settings.ts
16:19:38.563 debug: transform url: 'file:///Applications/Cocos/Creator/3.8.7/CocosCreator.app/Contents/Resources/resources/3d/engine/editor/assets/default_renderpipeline/builtin-pipeline-settings.ts' costs: 63.70 ms
16:19:38.564 debug: Resolve file:///Applications/Cocos/Creator/3.8.7/CocosCreator.app/Contents/Resources/resources/3d/engine/editor/assets/default_renderpipeline/builtin-pipeline-types.ts from cce:/internal/x/prerequisite-imports as file:///Applications/Cocos/Creator/3.8.7/CocosCreator.app/Contents/Resources/resources/3d/engine/editor/assets/default_renderpipeline/builtin-pipeline-types.ts.
16:19:38.565 debug: Inspect file:///Applications/Cocos/Creator/3.8.7/CocosCreator.app/Contents/Resources/resources/3d/engine/editor/assets/default_renderpipeline/builtin-pipeline-types.ts
16:19:38.602 debug: transform url: 'file:///Applications/Cocos/Creator/3.8.7/CocosCreator.app/Contents/Resources/resources/3d/engine/editor/assets/default_renderpipeline/builtin-pipeline-types.ts' costs: 37.20 ms
16:19:38.604 debug: Resolve file:///Applications/Cocos/Creator/3.8.7/CocosCreator.app/Contents/Resources/resources/3d/engine/editor/assets/default_renderpipeline/builtin-pipeline.ts from cce:/internal/x/prerequisite-imports as file:///Applications/Cocos/Creator/3.8.7/CocosCreator.app/Contents/Resources/resources/3d/engine/editor/assets/default_renderpipeline/builtin-pipeline.ts.
16:19:38.604 debug: Inspect file:///Applications/Cocos/Creator/3.8.7/CocosCreator.app/Contents/Resources/resources/3d/engine/editor/assets/default_renderpipeline/builtin-pipeline.ts
16:19:38.924 debug: transform url: 'file:///Applications/Cocos/Creator/3.8.7/CocosCreator.app/Contents/Resources/resources/3d/engine/editor/assets/default_renderpipeline/builtin-pipeline.ts' costs: 320.50 ms
16:19:38.928 debug: Resolve file:///Applications/Cocos/Creator/3.8.7/CocosCreator.app/Contents/Resources/resources/3d/engine/editor/assets/tools/debug-view-runtime-control.ts from cce:/internal/x/prerequisite-imports as file:///Applications/Cocos/Creator/3.8.7/CocosCreator.app/Contents/Resources/resources/3d/engine/editor/assets/tools/debug-view-runtime-control.ts.
16:19:38.928 debug: Inspect file:///Applications/Cocos/Creator/3.8.7/CocosCreator.app/Contents/Resources/resources/3d/engine/editor/assets/tools/debug-view-runtime-control.ts
16:19:39.033 debug: transform url: 'file:///Applications/Cocos/Creator/3.8.7/CocosCreator.app/Contents/Resources/resources/3d/engine/editor/assets/tools/debug-view-runtime-control.ts' costs: 104.90 ms
16:19:39.047 debug: Resolve file:///Users/clare/Desktop/%E5%89%8D%E5%93%A8AI%E5%B0%8F%E8%AF%BE/ClareProject/Cute-Pet-Escape-Project/CocosProject/assets/scripts/CameraFollow.ts from cce:/internal/x/prerequisite-imports as file:///Users/clare/Desktop/%E5%89%8D%E5%93%A8AI%E5%B0%8F%E8%AF%BE/ClareProject/Cute-Pet-Escape-Project/CocosProject/assets/scripts/CameraFollow.ts.
16:19:39.047 debug: Inspect file:///Users/clare/Desktop/%E5%89%8D%E5%93%A8AI%E5%B0%8F%E8%AF%BE/ClareProject/Cute-Pet-Escape-Project/CocosProject/assets/scripts/CameraFollow.ts
16:19:39.075 debug: transform url: 'file:///Users/clare/Desktop/%E5%89%8D%E5%93%A8AI%E5%B0%8F%E8%AF%BE/ClareProject/Cute-Pet-Escape-Project/CocosProject/assets/scripts/CameraFollow.ts' costs: 28.00 ms
16:19:39.077 debug: Resolve file:///Users/clare/Desktop/%E5%89%8D%E5%93%A8AI%E5%B0%8F%E8%AF%BE/ClareProject/Cute-Pet-Escape-Project/CocosProject/assets/scripts/Joystick.ts from cce:/internal/x/prerequisite-imports as file:///Users/clare/Desktop/%E5%89%8D%E5%93%A8AI%E5%B0%8F%E8%AF%BE/ClareProject/Cute-Pet-Escape-Project/CocosProject/assets/scripts/Joystick.ts.
16:19:39.077 debug: Inspect file:///Users/clare/Desktop/%E5%89%8D%E5%93%A8AI%E5%B0%8F%E8%AF%BE/ClareProject/Cute-Pet-Escape-Project/CocosProject/assets/scripts/Joystick.ts
16:19:39.102 debug: transform url: 'file:///Users/clare/Desktop/%E5%89%8D%E5%93%A8AI%E5%B0%8F%E8%AF%BE/ClareProject/Cute-Pet-Escape-Project/CocosProject/assets/scripts/Joystick.ts' costs: 25.20 ms
16:19:39.103 debug: Resolve file:///Users/clare/Desktop/%E5%89%8D%E5%93%A8AI%E5%B0%8F%E8%AF%BE/ClareProject/Cute-Pet-Escape-Project/CocosProject/assets/scripts/PlayerController.ts from cce:/internal/x/prerequisite-imports as file:///Users/clare/Desktop/%E5%89%8D%E5%93%A8AI%E5%B0%8F%E8%AF%BE/ClareProject/Cute-Pet-Escape-Project/CocosProject/assets/scripts/PlayerController.ts.
16:19:39.103 debug: Inspect file:///Users/clare/Desktop/%E5%89%8D%E5%93%A8AI%E5%B0%8F%E8%AF%BE/ClareProject/Cute-Pet-Escape-Project/CocosProject/assets/scripts/PlayerController.ts
16:19:39.125 debug: transform url: 'file:///Users/clare/Desktop/%E5%89%8D%E5%93%A8AI%E5%B0%8F%E8%AF%BE/ClareProject/Cute-Pet-Escape-Project/CocosProject/assets/scripts/PlayerController.ts' costs: 21.90 ms
16:19:39.126 debug: Resolve cce:/internal/code-quality/cr.mjs from file:///Applications/Cocos/Creator/3.8.7/CocosCreator.app/Contents/Resources/resources/3d/engine/editor/assets/default_renderpipeline/builtin-dof-pass.ts as cce:/internal/code-quality/cr.mjs.
16:19:39.126 debug: Inspect cce:/internal/code-quality/cr.mjs
16:19:39.132 debug: transform url: 'cce:/internal/code-quality/cr.mjs' costs: 5.40 ms
16:19:39.132 debug: Resolve cc from file:///Applications/Cocos/Creator/3.8.7/CocosCreator.app/Contents/Resources/resources/3d/engine/editor/assets/default_renderpipeline/builtin-dof-pass.ts as cce:/internal/x/cc.
16:19:39.132 debug: Resolve cc from file:///Applications/Cocos/Creator/3.8.7/CocosCreator.app/Contents/Resources/resources/3d/engine/editor/assets/default_renderpipeline/builtin-dof-pass.ts as cce:/internal/x/cc.
16:19:39.133 debug: Resolve cc from file:///Applications/Cocos/Creator/3.8.7/CocosCreator.app/Contents/Resources/resources/3d/engine/editor/assets/default_renderpipeline/builtin-dof-pass.ts as cce:/internal/x/cc.
16:19:39.133 debug: Resolve cc/env from file:///Applications/Cocos/Creator/3.8.7/CocosCreator.app/Contents/Resources/resources/3d/engine/editor/assets/default_renderpipeline/builtin-dof-pass.ts as external dependency cc/env.
16:19:39.133 debug: Resolve ./builtin-pipeline-settings from file:///Applications/Cocos/Creator/3.8.7/CocosCreator.app/Contents/Resources/resources/3d/engine/editor/assets/default_renderpipeline/builtin-dof-pass.ts as file:///Applications/Cocos/Creator/3.8.7/CocosCreator.app/Contents/Resources/resources/3d/engine/editor/assets/default_renderpipeline/builtin-pipeline-settings.ts.
16:19:39.133 debug: Resolve ./builtin-pipeline-pass from file:///Applications/Cocos/Creator/3.8.7/CocosCreator.app/Contents/Resources/resources/3d/engine/editor/assets/default_renderpipeline/builtin-dof-pass.ts as file:///Applications/Cocos/Creator/3.8.7/CocosCreator.app/Contents/Resources/resources/3d/engine/editor/assets/default_renderpipeline/builtin-pipeline-pass.ts.
16:19:39.133 debug: Resolve ./builtin-pipeline from file:///Applications/Cocos/Creator/3.8.7/CocosCreator.app/Contents/Resources/resources/3d/engine/editor/assets/default_renderpipeline/builtin-dof-pass.ts as file:///Applications/Cocos/Creator/3.8.7/CocosCreator.app/Contents/Resources/resources/3d/engine/editor/assets/default_renderpipeline/builtin-pipeline.ts.
16:19:39.133 debug: Resolve cce:/internal/code-quality/cr.mjs from file:///Applications/Cocos/Creator/3.8.7/CocosCreator.app/Contents/Resources/resources/3d/engine/editor/assets/default_renderpipeline/builtin-pipeline-settings.ts as cce:/internal/code-quality/cr.mjs.
16:19:39.133 debug: Resolve cc from file:///Applications/Cocos/Creator/3.8.7/CocosCreator.app/Contents/Resources/resources/3d/engine/editor/assets/default_renderpipeline/builtin-pipeline-settings.ts as cce:/internal/x/cc.
16:19:39.133 debug: Resolve cc from file:///Applications/Cocos/Creator/3.8.7/CocosCreator.app/Contents/Resources/resources/3d/engine/editor/assets/default_renderpipeline/builtin-pipeline-settings.ts as cce:/internal/x/cc.
16:19:39.133 debug: Resolve cc from file:///Applications/Cocos/Creator/3.8.7/CocosCreator.app/Contents/Resources/resources/3d/engine/editor/assets/default_renderpipeline/builtin-pipeline-settings.ts as cce:/internal/x/cc.
16:19:39.133 debug: Resolve cc/env from file:///Applications/Cocos/Creator/3.8.7/CocosCreator.app/Contents/Resources/resources/3d/engine/editor/assets/default_renderpipeline/builtin-pipeline-settings.ts as external dependency cc/env.
16:19:39.134 debug: Resolve ./builtin-pipeline-types from file:///Applications/Cocos/Creator/3.8.7/CocosCreator.app/Contents/Resources/resources/3d/engine/editor/assets/default_renderpipeline/builtin-pipeline-settings.ts as file:///Applications/Cocos/Creator/3.8.7/CocosCreator.app/Contents/Resources/resources/3d/engine/editor/assets/default_renderpipeline/builtin-pipeline-types.ts.
16:19:39.134 debug: Resolve cc from file:///Applications/Cocos/Creator/3.8.7/CocosCreator.app/Contents/Resources/resources/3d/engine/editor/assets/default_renderpipeline/builtin-pipeline-types.ts as cce:/internal/x/cc.
16:19:39.134 debug: Resolve cc from file:///Applications/Cocos/Creator/3.8.7/CocosCreator.app/Contents/Resources/resources/3d/engine/editor/assets/default_renderpipeline/builtin-pipeline-types.ts as cce:/internal/x/cc.
16:19:39.134 debug: Resolve cc from file:///Applications/Cocos/Creator/3.8.7/CocosCreator.app/Contents/Resources/resources/3d/engine/editor/assets/default_renderpipeline/builtin-pipeline-types.ts as cce:/internal/x/cc.
16:19:39.134 debug: Resolve cce:/internal/code-quality/cr.mjs from file:///Applications/Cocos/Creator/3.8.7/CocosCreator.app/Contents/Resources/resources/3d/engine/editor/assets/default_renderpipeline/builtin-pipeline-pass.ts as cce:/internal/code-quality/cr.mjs.
16:19:39.134 debug: Resolve cc from file:///Applications/Cocos/Creator/3.8.7/CocosCreator.app/Contents/Resources/resources/3d/engine/editor/assets/default_renderpipeline/builtin-pipeline-pass.ts as cce:/internal/x/cc.
16:19:39.134 debug: Resolve cc from file:///Applications/Cocos/Creator/3.8.7/CocosCreator.app/Contents/Resources/resources/3d/engine/editor/assets/default_renderpipeline/builtin-pipeline-pass.ts as cce:/internal/x/cc.
16:19:39.134 debug: Resolve cc from file:///Applications/Cocos/Creator/3.8.7/CocosCreator.app/Contents/Resources/resources/3d/engine/editor/assets/default_renderpipeline/builtin-pipeline-pass.ts as cce:/internal/x/cc.
16:19:39.134 debug: Resolve ./builtin-pipeline-settings from file:///Applications/Cocos/Creator/3.8.7/CocosCreator.app/Contents/Resources/resources/3d/engine/editor/assets/default_renderpipeline/builtin-pipeline-pass.ts as file:///Applications/Cocos/Creator/3.8.7/CocosCreator.app/Contents/Resources/resources/3d/engine/editor/assets/default_renderpipeline/builtin-pipeline-settings.ts.
16:19:39.134 debug: Resolve cc/env from file:///Applications/Cocos/Creator/3.8.7/CocosCreator.app/Contents/Resources/resources/3d/engine/editor/assets/default_renderpipeline/builtin-pipeline-pass.ts as external dependency cc/env.
16:19:39.134 debug: Resolve cce:/internal/code-quality/cr.mjs from file:///Applications/Cocos/Creator/3.8.7/CocosCreator.app/Contents/Resources/resources/3d/engine/editor/assets/default_renderpipeline/builtin-pipeline.ts as cce:/internal/code-quality/cr.mjs.
16:19:39.134 debug: Resolve cc from file:///Applications/Cocos/Creator/3.8.7/CocosCreator.app/Contents/Resources/resources/3d/engine/editor/assets/default_renderpipeline/builtin-pipeline.ts as cce:/internal/x/cc.
16:19:39.134 debug: Resolve cc from file:///Applications/Cocos/Creator/3.8.7/CocosCreator.app/Contents/Resources/resources/3d/engine/editor/assets/default_renderpipeline/builtin-pipeline.ts as cce:/internal/x/cc.
16:19:39.134 debug: Resolve cc from file:///Applications/Cocos/Creator/3.8.7/CocosCreator.app/Contents/Resources/resources/3d/engine/editor/assets/default_renderpipeline/builtin-pipeline.ts as cce:/internal/x/cc.
16:19:39.134 debug: Resolve cc/env from file:///Applications/Cocos/Creator/3.8.7/CocosCreator.app/Contents/Resources/resources/3d/engine/editor/assets/default_renderpipeline/builtin-pipeline.ts as external dependency cc/env.
16:19:39.134 debug: Resolve ./builtin-pipeline-types from file:///Applications/Cocos/Creator/3.8.7/CocosCreator.app/Contents/Resources/resources/3d/engine/editor/assets/default_renderpipeline/builtin-pipeline.ts as file:///Applications/Cocos/Creator/3.8.7/CocosCreator.app/Contents/Resources/resources/3d/engine/editor/assets/default_renderpipeline/builtin-pipeline-types.ts.
16:19:39.134 debug: Resolve cc from file:///Applications/Cocos/Creator/3.8.7/CocosCreator.app/Contents/Resources/resources/3d/engine/editor/assets/tools/debug-view-runtime-control.ts as cce:/internal/x/cc.
16:19:39.135 debug: Resolve cc from file:///Applications/Cocos/Creator/3.8.7/CocosCreator.app/Contents/Resources/resources/3d/engine/editor/assets/tools/debug-view-runtime-control.ts as cce:/internal/x/cc.
16:19:39.135 debug: Resolve cc from file:///Applications/Cocos/Creator/3.8.7/CocosCreator.app/Contents/Resources/resources/3d/engine/editor/assets/tools/debug-view-runtime-control.ts as cce:/internal/x/cc.
16:19:39.135 debug: Resolve cc from file:///Users/clare/Desktop/%E5%89%8D%E5%93%A8AI%E5%B0%8F%E8%AF%BE/ClareProject/Cute-Pet-Escape-Project/CocosProject/assets/scripts/CameraFollow.ts as cce:/internal/x/cc.
16:19:39.135 debug: Resolve cc from file:///Users/clare/Desktop/%E5%89%8D%E5%93%A8AI%E5%B0%8F%E8%AF%BE/ClareProject/Cute-Pet-Escape-Project/CocosProject/assets/scripts/CameraFollow.ts as cce:/internal/x/cc.
16:19:39.135 debug: Resolve cc from file:///Users/clare/Desktop/%E5%89%8D%E5%93%A8AI%E5%B0%8F%E8%AF%BE/ClareProject/Cute-Pet-Escape-Project/CocosProject/assets/scripts/CameraFollow.ts as cce:/internal/x/cc.
16:19:39.135 debug: Resolve cc from file:///Users/clare/Desktop/%E5%89%8D%E5%93%A8AI%E5%B0%8F%E8%AF%BE/ClareProject/Cute-Pet-Escape-Project/CocosProject/assets/scripts/Joystick.ts as cce:/internal/x/cc.
16:19:39.135 debug: Resolve cc from file:///Users/clare/Desktop/%E5%89%8D%E5%93%A8AI%E5%B0%8F%E8%AF%BE/ClareProject/Cute-Pet-Escape-Project/CocosProject/assets/scripts/Joystick.ts as cce:/internal/x/cc.
16:19:39.137 debug: Resolve cc from file:///Users/clare/Desktop/%E5%89%8D%E5%93%A8AI%E5%B0%8F%E8%AF%BE/ClareProject/Cute-Pet-Escape-Project/CocosProject/assets/scripts/Joystick.ts as cce:/internal/x/cc.
16:19:39.138 debug: Resolve cce:/internal/code-quality/cr.mjs from file:///Users/clare/Desktop/%E5%89%8D%E5%93%A8AI%E5%B0%8F%E8%AF%BE/ClareProject/Cute-Pet-Escape-Project/CocosProject/assets/scripts/PlayerController.ts as cce:/internal/code-quality/cr.mjs.
16:19:39.138 debug: Resolve cc from file:///Users/clare/Desktop/%E5%89%8D%E5%93%A8AI%E5%B0%8F%E8%AF%BE/ClareProject/Cute-Pet-Escape-Project/CocosProject/assets/scripts/PlayerController.ts as cce:/internal/x/cc.
16:19:39.138 debug: Resolve cc from file:///Users/clare/Desktop/%E5%89%8D%E5%93%A8AI%E5%B0%8F%E8%AF%BE/ClareProject/Cute-Pet-Escape-Project/CocosProject/assets/scripts/PlayerController.ts as cce:/internal/x/cc.
16:19:39.138 debug: Resolve cc from file:///Users/clare/Desktop/%E5%89%8D%E5%93%A8AI%E5%B0%8F%E8%AF%BE/ClareProject/Cute-Pet-Escape-Project/CocosProject/assets/scripts/PlayerController.ts as cce:/internal/x/cc.
16:19:39.138 debug: Resolve ./Joystick from file:///Users/clare/Desktop/%E5%89%8D%E5%93%A8AI%E5%B0%8F%E8%AF%BE/ClareProject/Cute-Pet-Escape-Project/CocosProject/assets/scripts/PlayerController.ts as file:///Users/clare/Desktop/%E5%89%8D%E5%93%A8AI%E5%B0%8F%E8%AF%BE/ClareProject/Cute-Pet-Escape-Project/CocosProject/assets/scripts/Joystick.ts.
16:19:39.143 debug: Target(editor) ends with cost 767.9955000000009ms.
16:19:39.143 debug: Target(preview) build started.
16:19:39.145 debug: Detected change: cce:/internal/x/prerequisite-imports. Last mtime: Thu Jan 01 1970 08:00:10 GMT+0800 (中国标准时间), Current mtime: Thu Jan 01 1970 08:00:26 GMT+0800 (中国标准时间)
16:19:39.145 debug: Inspect cce:/internal/x/prerequisite-imports
16:19:39.153 debug: transform url: 'cce:/internal/x/prerequisite-imports' costs: 8.40 ms
16:19:39.154 debug: Resolve file:///Applications/Cocos/Creator/3.8.7/CocosCreator.app/Contents/Resources/resources/3d/engine/editor/assets/default_renderpipeline/builtin-dof-pass.ts from cce:/internal/x/prerequisite-imports as file:///Applications/Cocos/Creator/3.8.7/CocosCreator.app/Contents/Resources/resources/3d/engine/editor/assets/default_renderpipeline/builtin-dof-pass.ts.
16:19:39.154 debug: Inspect file:///Applications/Cocos/Creator/3.8.7/CocosCreator.app/Contents/Resources/resources/3d/engine/editor/assets/default_renderpipeline/builtin-dof-pass.ts
16:19:39.206 debug: transform url: 'file:///Applications/Cocos/Creator/3.8.7/CocosCreator.app/Contents/Resources/resources/3d/engine/editor/assets/default_renderpipeline/builtin-dof-pass.ts' costs: 51.70 ms
16:19:39.207 debug: Resolve file:///Applications/Cocos/Creator/3.8.7/CocosCreator.app/Contents/Resources/resources/3d/engine/editor/assets/default_renderpipeline/builtin-pipeline-pass.ts from cce:/internal/x/prerequisite-imports as file:///Applications/Cocos/Creator/3.8.7/CocosCreator.app/Contents/Resources/resources/3d/engine/editor/assets/default_renderpipeline/builtin-pipeline-pass.ts.
16:19:39.207 debug: Inspect file:///Applications/Cocos/Creator/3.8.7/CocosCreator.app/Contents/Resources/resources/3d/engine/editor/assets/default_renderpipeline/builtin-pipeline-pass.ts
16:19:39.227 debug: transform url: 'file:///Applications/Cocos/Creator/3.8.7/CocosCreator.app/Contents/Resources/resources/3d/engine/editor/assets/default_renderpipeline/builtin-pipeline-pass.ts' costs: 20.30 ms
16:19:39.228 debug: Resolve file:///Applications/Cocos/Creator/3.8.7/CocosCreator.app/Contents/Resources/resources/3d/engine/editor/assets/default_renderpipeline/builtin-pipeline-settings.ts from cce:/internal/x/prerequisite-imports as file:///Applications/Cocos/Creator/3.8.7/CocosCreator.app/Contents/Resources/resources/3d/engine/editor/assets/default_renderpipeline/builtin-pipeline-settings.ts.
16:19:39.228 debug: Inspect file:///Applications/Cocos/Creator/3.8.7/CocosCreator.app/Contents/Resources/resources/3d/engine/editor/assets/default_renderpipeline/builtin-pipeline-settings.ts
16:19:39.288 debug: transform url: 'file:///Applications/Cocos/Creator/3.8.7/CocosCreator.app/Contents/Resources/resources/3d/engine/editor/assets/default_renderpipeline/builtin-pipeline-settings.ts' costs: 59.30 ms
16:19:39.289 debug: Resolve file:///Applications/Cocos/Creator/3.8.7/CocosCreator.app/Contents/Resources/resources/3d/engine/editor/assets/default_renderpipeline/builtin-pipeline-types.ts from cce:/internal/x/prerequisite-imports as file:///Applications/Cocos/Creator/3.8.7/CocosCreator.app/Contents/Resources/resources/3d/engine/editor/assets/default_renderpipeline/builtin-pipeline-types.ts.
16:19:39.289 debug: Inspect file:///Applications/Cocos/Creator/3.8.7/CocosCreator.app/Contents/Resources/resources/3d/engine/editor/assets/default_renderpipeline/builtin-pipeline-types.ts
16:19:39.317 debug: transform url: 'file:///Applications/Cocos/Creator/3.8.7/CocosCreator.app/Contents/Resources/resources/3d/engine/editor/assets/default_renderpipeline/builtin-pipeline-types.ts' costs: 27.80 ms
16:19:39.318 debug: Resolve file:///Applications/Cocos/Creator/3.8.7/CocosCreator.app/Contents/Resources/resources/3d/engine/editor/assets/default_renderpipeline/builtin-pipeline.ts from cce:/internal/x/prerequisite-imports as file:///Applications/Cocos/Creator/3.8.7/CocosCreator.app/Contents/Resources/resources/3d/engine/editor/assets/default_renderpipeline/builtin-pipeline.ts.
16:19:39.318 debug: Inspect file:///Applications/Cocos/Creator/3.8.7/CocosCreator.app/Contents/Resources/resources/3d/engine/editor/assets/default_renderpipeline/builtin-pipeline.ts
16:19:39.515 debug: transform url: 'file:///Applications/Cocos/Creator/3.8.7/CocosCreator.app/Contents/Resources/resources/3d/engine/editor/assets/default_renderpipeline/builtin-pipeline.ts' costs: 196.90 ms
16:19:39.518 debug: Resolve file:///Applications/Cocos/Creator/3.8.7/CocosCreator.app/Contents/Resources/resources/3d/engine/editor/assets/tools/debug-view-runtime-control.ts from cce:/internal/x/prerequisite-imports as file:///Applications/Cocos/Creator/3.8.7/CocosCreator.app/Contents/Resources/resources/3d/engine/editor/assets/tools/debug-view-runtime-control.ts.
16:19:39.518 debug: Inspect file:///Applications/Cocos/Creator/3.8.7/CocosCreator.app/Contents/Resources/resources/3d/engine/editor/assets/tools/debug-view-runtime-control.ts
16:19:39.569 debug: transform url: 'file:///Applications/Cocos/Creator/3.8.7/CocosCreator.app/Contents/Resources/resources/3d/engine/editor/assets/tools/debug-view-runtime-control.ts' costs: 51.10 ms
16:19:39.570 debug: Resolve file:///Users/clare/Desktop/%E5%89%8D%E5%93%A8AI%E5%B0%8F%E8%AF%BE/ClareProject/Cute-Pet-Escape-Project/CocosProject/assets/scripts/CameraFollow.ts from cce:/internal/x/prerequisite-imports as file:///Users/clare/Desktop/%E5%89%8D%E5%93%A8AI%E5%B0%8F%E8%AF%BE/ClareProject/Cute-Pet-Escape-Project/CocosProject/assets/scripts/CameraFollow.ts.
16:19:39.570 debug: Inspect file:///Users/clare/Desktop/%E5%89%8D%E5%93%A8AI%E5%B0%8F%E8%AF%BE/ClareProject/Cute-Pet-Escape-Project/CocosProject/assets/scripts/CameraFollow.ts
16:19:39.592 debug: transform url: 'file:///Users/clare/Desktop/%E5%89%8D%E5%93%A8AI%E5%B0%8F%E8%AF%BE/ClareProject/Cute-Pet-Escape-Project/CocosProject/assets/scripts/CameraFollow.ts' costs: 21.20 ms
16:19:39.593 debug: Resolve file:///Users/clare/Desktop/%E5%89%8D%E5%93%A8AI%E5%B0%8F%E8%AF%BE/ClareProject/Cute-Pet-Escape-Project/CocosProject/assets/scripts/Joystick.ts from cce:/internal/x/prerequisite-imports as file:///Users/clare/Desktop/%E5%89%8D%E5%93%A8AI%E5%B0%8F%E8%AF%BE/ClareProject/Cute-Pet-Escape-Project/CocosProject/assets/scripts/Joystick.ts.
16:19:39.593 debug: Inspect file:///Users/clare/Desktop/%E5%89%8D%E5%93%A8AI%E5%B0%8F%E8%AF%BE/ClareProject/Cute-Pet-Escape-Project/CocosProject/assets/scripts/Joystick.ts
16:19:39.613 debug: transform url: 'file:///Users/clare/Desktop/%E5%89%8D%E5%93%A8AI%E5%B0%8F%E8%AF%BE/ClareProject/Cute-Pet-Escape-Project/CocosProject/assets/scripts/Joystick.ts' costs: 20.60 ms
16:19:39.616 debug: Resolve file:///Users/clare/Desktop/%E5%89%8D%E5%93%A8AI%E5%B0%8F%E8%AF%BE/ClareProject/Cute-Pet-Escape-Project/CocosProject/assets/scripts/PlayerController.ts from cce:/internal/x/prerequisite-imports as file:///Users/clare/Desktop/%E5%89%8D%E5%93%A8AI%E5%B0%8F%E8%AF%BE/ClareProject/Cute-Pet-Escape-Project/CocosProject/assets/scripts/PlayerController.ts.
16:19:39.617 debug: Inspect file:///Users/clare/Desktop/%E5%89%8D%E5%93%A8AI%E5%B0%8F%E8%AF%BE/ClareProject/Cute-Pet-Escape-Project/CocosProject/assets/scripts/PlayerController.ts
16:19:39.640 debug: transform url: 'file:///Users/clare/Desktop/%E5%89%8D%E5%93%A8AI%E5%B0%8F%E8%AF%BE/ClareProject/Cute-Pet-Escape-Project/CocosProject/assets/scripts/PlayerController.ts' costs: 23.80 ms
16:19:39.641 debug: Resolve cce:/internal/code-quality/cr.mjs from file:///Applications/Cocos/Creator/3.8.7/CocosCreator.app/Contents/Resources/resources/3d/engine/editor/assets/default_renderpipeline/builtin-dof-pass.ts as cce:/internal/code-quality/cr.mjs.
16:19:39.642 debug: Inspect cce:/internal/code-quality/cr.mjs
16:19:39.650 debug: transform url: 'cce:/internal/code-quality/cr.mjs' costs: 8.70 ms
16:19:39.651 debug: Resolve cc from file:///Applications/Cocos/Creator/3.8.7/CocosCreator.app/Contents/Resources/resources/3d/engine/editor/assets/default_renderpipeline/builtin-dof-pass.ts as cce:/internal/x/cc.
16:19:39.651 debug: Resolve cc from file:///Applications/Cocos/Creator/3.8.7/CocosCreator.app/Contents/Resources/resources/3d/engine/editor/assets/default_renderpipeline/builtin-dof-pass.ts as cce:/internal/x/cc.
16:19:39.651 debug: Resolve cc from file:///Applications/Cocos/Creator/3.8.7/CocosCreator.app/Contents/Resources/resources/3d/engine/editor/assets/default_renderpipeline/builtin-dof-pass.ts as cce:/internal/x/cc.
16:19:39.651 debug: Resolve cc/env from file:///Applications/Cocos/Creator/3.8.7/CocosCreator.app/Contents/Resources/resources/3d/engine/editor/assets/default_renderpipeline/builtin-dof-pass.ts as external dependency cc/env.
16:19:39.651 debug: Resolve ./builtin-pipeline-settings from file:///Applications/Cocos/Creator/3.8.7/CocosCreator.app/Contents/Resources/resources/3d/engine/editor/assets/default_renderpipeline/builtin-dof-pass.ts as file:///Applications/Cocos/Creator/3.8.7/CocosCreator.app/Contents/Resources/resources/3d/engine/editor/assets/default_renderpipeline/builtin-pipeline-settings.ts.
16:19:39.651 debug: Resolve ./builtin-pipeline-pass from file:///Applications/Cocos/Creator/3.8.7/CocosCreator.app/Contents/Resources/resources/3d/engine/editor/assets/default_renderpipeline/builtin-dof-pass.ts as file:///Applications/Cocos/Creator/3.8.7/CocosCreator.app/Contents/Resources/resources/3d/engine/editor/assets/default_renderpipeline/builtin-pipeline-pass.ts.
16:19:39.652 debug: Resolve ./builtin-pipeline from file:///Applications/Cocos/Creator/3.8.7/CocosCreator.app/Contents/Resources/resources/3d/engine/editor/assets/default_renderpipeline/builtin-dof-pass.ts as file:///Applications/Cocos/Creator/3.8.7/CocosCreator.app/Contents/Resources/resources/3d/engine/editor/assets/default_renderpipeline/builtin-pipeline.ts.
16:19:39.652 debug: Resolve cce:/internal/code-quality/cr.mjs from file:///Applications/Cocos/Creator/3.8.7/CocosCreator.app/Contents/Resources/resources/3d/engine/editor/assets/default_renderpipeline/builtin-pipeline-settings.ts as cce:/internal/code-quality/cr.mjs.
16:19:39.652 debug: Resolve cc from file:///Applications/Cocos/Creator/3.8.7/CocosCreator.app/Contents/Resources/resources/3d/engine/editor/assets/default_renderpipeline/builtin-pipeline-settings.ts as cce:/internal/x/cc.
16:19:39.652 debug: Resolve cc from file:///Applications/Cocos/Creator/3.8.7/CocosCreator.app/Contents/Resources/resources/3d/engine/editor/assets/default_renderpipeline/builtin-pipeline-settings.ts as cce:/internal/x/cc.
16:19:39.652 debug: Resolve cc from file:///Applications/Cocos/Creator/3.8.7/CocosCreator.app/Contents/Resources/resources/3d/engine/editor/assets/default_renderpipeline/builtin-pipeline-settings.ts as cce:/internal/x/cc.
16:19:39.652 debug: Resolve cc/env from file:///Applications/Cocos/Creator/3.8.7/CocosCreator.app/Contents/Resources/resources/3d/engine/editor/assets/default_renderpipeline/builtin-pipeline-settings.ts as external dependency cc/env.
16:19:39.652 debug: Resolve ./builtin-pipeline-types from file:///Applications/Cocos/Creator/3.8.7/CocosCreator.app/Contents/Resources/resources/3d/engine/editor/assets/default_renderpipeline/builtin-pipeline-settings.ts as file:///Applications/Cocos/Creator/3.8.7/CocosCreator.app/Contents/Resources/resources/3d/engine/editor/assets/default_renderpipeline/builtin-pipeline-types.ts.
16:19:39.652 debug: Resolve cc from file:///Applications/Cocos/Creator/3.8.7/CocosCreator.app/Contents/Resources/resources/3d/engine/editor/assets/default_renderpipeline/builtin-pipeline-types.ts as cce:/internal/x/cc.
16:19:39.652 debug: Resolve cc from file:///Applications/Cocos/Creator/3.8.7/CocosCreator.app/Contents/Resources/resources/3d/engine/editor/assets/default_renderpipeline/builtin-pipeline-types.ts as cce:/internal/x/cc.
16:19:39.652 debug: Resolve cc from file:///Applications/Cocos/Creator/3.8.7/CocosCreator.app/Contents/Resources/resources/3d/engine/editor/assets/default_renderpipeline/builtin-pipeline-types.ts as cce:/internal/x/cc.
16:19:39.652 debug: Resolve cce:/internal/code-quality/cr.mjs from file:///Applications/Cocos/Creator/3.8.7/CocosCreator.app/Contents/Resources/resources/3d/engine/editor/assets/default_renderpipeline/builtin-pipeline-pass.ts as cce:/internal/code-quality/cr.mjs.
16:19:39.652 debug: Resolve cc from file:///Applications/Cocos/Creator/3.8.7/CocosCreator.app/Contents/Resources/resources/3d/engine/editor/assets/default_renderpipeline/builtin-pipeline-pass.ts as cce:/internal/x/cc.
16:19:39.652 debug: Resolve cc from file:///Applications/Cocos/Creator/3.8.7/CocosCreator.app/Contents/Resources/resources/3d/engine/editor/assets/default_renderpipeline/builtin-pipeline-pass.ts as cce:/internal/x/cc.
16:19:39.652 debug: Resolve cc from file:///Applications/Cocos/Creator/3.8.7/CocosCreator.app/Contents/Resources/resources/3d/engine/editor/assets/default_renderpipeline/builtin-pipeline-pass.ts as cce:/internal/x/cc.
16:19:39.652 debug: Resolve ./builtin-pipeline-settings from file:///Applications/Cocos/Creator/3.8.7/CocosCreator.app/Contents/Resources/resources/3d/engine/editor/assets/default_renderpipeline/builtin-pipeline-pass.ts as file:///Applications/Cocos/Creator/3.8.7/CocosCreator.app/Contents/Resources/resources/3d/engine/editor/assets/default_renderpipeline/builtin-pipeline-settings.ts.
16:19:39.652 debug: Resolve cc/env from file:///Applications/Cocos/Creator/3.8.7/CocosCreator.app/Contents/Resources/resources/3d/engine/editor/assets/default_renderpipeline/builtin-pipeline-pass.ts as external dependency cc/env.
16:19:39.652 debug: Resolve cce:/internal/code-quality/cr.mjs from file:///Applications/Cocos/Creator/3.8.7/CocosCreator.app/Contents/Resources/resources/3d/engine/editor/assets/default_renderpipeline/builtin-pipeline.ts as cce:/internal/code-quality/cr.mjs.
16:19:39.653 debug: Resolve cc from file:///Applications/Cocos/Creator/3.8.7/CocosCreator.app/Contents/Resources/resources/3d/engine/editor/assets/default_renderpipeline/builtin-pipeline.ts as cce:/internal/x/cc.
16:19:39.653 debug: Resolve cc from file:///Applications/Cocos/Creator/3.8.7/CocosCreator.app/Contents/Resources/resources/3d/engine/editor/assets/default_renderpipeline/builtin-pipeline.ts as cce:/internal/x/cc.
16:19:39.653 debug: Resolve cc from file:///Applications/Cocos/Creator/3.8.7/CocosCreator.app/Contents/Resources/resources/3d/engine/editor/assets/default_renderpipeline/builtin-pipeline.ts as cce:/internal/x/cc.
16:19:39.653 debug: Resolve cc/env from file:///Applications/Cocos/Creator/3.8.7/CocosCreator.app/Contents/Resources/resources/3d/engine/editor/assets/default_renderpipeline/builtin-pipeline.ts as external dependency cc/env.
16:19:39.653 debug: Resolve ./builtin-pipeline-types from file:///Applications/Cocos/Creator/3.8.7/CocosCreator.app/Contents/Resources/resources/3d/engine/editor/assets/default_renderpipeline/builtin-pipeline.ts as file:///Applications/Cocos/Creator/3.8.7/CocosCreator.app/Contents/Resources/resources/3d/engine/editor/assets/default_renderpipeline/builtin-pipeline-types.ts.
16:19:39.653 debug: Resolve cc from file:///Applications/Cocos/Creator/3.8.7/CocosCreator.app/Contents/Resources/resources/3d/engine/editor/assets/tools/debug-view-runtime-control.ts as cce:/internal/x/cc.
16:19:39.653 debug: Resolve cc from file:///Applications/Cocos/Creator/3.8.7/CocosCreator.app/Contents/Resources/resources/3d/engine/editor/assets/tools/debug-view-runtime-control.ts as cce:/internal/x/cc.
16:19:39.653 debug: Resolve cc from file:///Applications/Cocos/Creator/3.8.7/CocosCreator.app/Contents/Resources/resources/3d/engine/editor/assets/tools/debug-view-runtime-control.ts as cce:/internal/x/cc.
16:19:39.653 debug: Resolve cc from file:///Users/clare/Desktop/%E5%89%8D%E5%93%A8AI%E5%B0%8F%E8%AF%BE/ClareProject/Cute-Pet-Escape-Project/CocosProject/assets/scripts/CameraFollow.ts as cce:/internal/x/cc.
16:19:39.653 debug: Resolve cc from file:///Users/clare/Desktop/%E5%89%8D%E5%93%A8AI%E5%B0%8F%E8%AF%BE/ClareProject/Cute-Pet-Escape-Project/CocosProject/assets/scripts/CameraFollow.ts as cce:/internal/x/cc.
16:19:39.653 debug: Resolve cc from file:///Users/clare/Desktop/%E5%89%8D%E5%93%A8AI%E5%B0%8F%E8%AF%BE/ClareProject/Cute-Pet-Escape-Project/CocosProject/assets/scripts/CameraFollow.ts as cce:/internal/x/cc.
16:19:39.653 debug: Resolve cc from file:///Users/clare/Desktop/%E5%89%8D%E5%93%A8AI%E5%B0%8F%E8%AF%BE/ClareProject/Cute-Pet-Escape-Project/CocosProject/assets/scripts/Joystick.ts as cce:/internal/x/cc.
16:19:39.653 debug: Resolve cc from file:///Users/clare/Desktop/%E5%89%8D%E5%93%A8AI%E5%B0%8F%E8%AF%BE/ClareProject/Cute-Pet-Escape-Project/CocosProject/assets/scripts/Joystick.ts as cce:/internal/x/cc.
16:19:39.653 debug: Resolve cc from file:///Users/clare/Desktop/%E5%89%8D%E5%93%A8AI%E5%B0%8F%E8%AF%BE/ClareProject/Cute-Pet-Escape-Project/CocosProject/assets/scripts/Joystick.ts as cce:/internal/x/cc.
16:19:39.653 debug: Resolve cce:/internal/code-quality/cr.mjs from file:///Users/clare/Desktop/%E5%89%8D%E5%93%A8AI%E5%B0%8F%E8%AF%BE/ClareProject/Cute-Pet-Escape-Project/CocosProject/assets/scripts/PlayerController.ts as cce:/internal/code-quality/cr.mjs.
16:19:39.653 debug: Resolve cc from file:///Users/clare/Desktop/%E5%89%8D%E5%93%A8AI%E5%B0%8F%E8%AF%BE/ClareProject/Cute-Pet-Escape-Project/CocosProject/assets/scripts/PlayerController.ts as cce:/internal/x/cc.
16:19:39.653 debug: Resolve cc from file:///Users/clare/Desktop/%E5%89%8D%E5%93%A8AI%E5%B0%8F%E8%AF%BE/ClareProject/Cute-Pet-Escape-Project/CocosProject/assets/scripts/PlayerController.ts as cce:/internal/x/cc.
16:19:39.653 debug: Resolve cc from file:///Users/clare/Desktop/%E5%89%8D%E5%93%A8AI%E5%B0%8F%E8%AF%BE/ClareProject/Cute-Pet-Escape-Project/CocosProject/assets/scripts/PlayerController.ts as cce:/internal/x/cc.
16:19:39.654 debug: Resolve ./Joystick from file:///Users/clare/Desktop/%E5%89%8D%E5%93%A8AI%E5%B0%8F%E8%AF%BE/ClareProject/Cute-Pet-Escape-Project/CocosProject/assets/scripts/PlayerController.ts as file:///Users/clare/Desktop/%E5%89%8D%E5%93%A8AI%E5%B0%8F%E8%AF%BE/ClareProject/Cute-Pet-Escape-Project/CocosProject/assets/scripts/Joystick.ts.
16:19:39.657 debug: Target(preview) ends with cost 514.0191250000025ms.
